C51 COMPILER V9.54   MAIN                                                                  03/25/2025 14:51:14 PAGE 1   


C51 COMPILER V9.54, COMPILATION OF MODULE MAIN
OBJECT MODULE PLACED IN .\Objects\main.obj
COMPILER INVOKED BY: F:\ApplicationFlies\Keil C51\C51\BIN\C51.EXE main.c OPTIMIZE(8,SPEED) BROWSE DEBUG OBJECTEXTEND PRI
                    -NT(.\Listings\main.lst) OBJECT(.\Objects\main.obj)

line level    source

   1          #include "LCD1602.h"
   2          
   3          void main()
   4          {
   5   1              LCD_init();
   6   1              LCD_showchar(1,1,'c');
   7   1              LCD_showstring(3,1,"Hello!");
   8   1              LCD_shownum(10,1,400,3);
   9   1              LCD_showsignednum(1,2,-400,3);
  10   1              LCD_showhex(6,2,0x6B);
  11   1              while(1)
  12   1              {
  13   2                      
  14   2              }
  15   1      }


MODULE INFORMATION:   STATIC OVERLAYABLE
   CODE SIZE        =     64    ----
   CONSTANT SIZE    =      7    ----
   XDATA SIZE       =   ----    ----
   PDATA SIZE       =   ----    ----
   DATA SIZE        =   ----    ----
   IDATA SIZE       =   ----    ----
   BIT SIZE         =   ----    ----
END OF MODULE INFORMATION.


C51 COMPILATION COMPLETE.  0 WARNING(S),  0 ERROR(S)
