C51 COMPILER V9.54   DS18B20                                                               03/24/2025 16:07:10 PAGE 1   


C51 COMPILER V9.54, COMPILATION OF MODULE DS18B20
OBJECT MODULE PLACED IN .\Objects\DS18B20.obj
COMPILER INVOKED BY: F:\ApplicationFlies\Keil C51\C51\BIN\C51.EXE DS18B20.c OPTIMIZE(8,SPEED) BROWSE DEBUG OBJECTEXTEND 
                    -PRINT(.\Listings\DS18B20.lst) OBJECT(.\Objects\DS18B20.obj)

line level    source

   1          #include "DS18B20.h"
   2          #include "One_bus.h"
   3          
   4          void DS18B20_convert()
   5          {
   6   1              One_bus_Init();
   7   1              One_bus_sendbyte(0xCC);//Skip ROM
   8   1              One_bus_sendbyte(0x44);
   9   1      }
  10          
  11          float DS18B20_read()
  12          {
  13   1              unsigned char TLSB,TMSB;
  14   1              float temperature;
  15   1              int temp;
  16   1              One_bus_Init();
  17   1              One_bus_sendbyte(0xCC);//Skip ROM
  18   1              One_bus_sendbyte(0xBE);//read
  19   1              TLSB=One_bus_getbyte();
  20   1              TMSB=One_bus_getbyte();
  21   1              temp=(TMSB<<8)|TLSB;
  22   1              temperature=temp/16.0;
  23   1              return temperature;
  24   1      }


MODULE INFORMATION:   STATIC OVERLAYABLE
   CODE SIZE        =     57    ----
   CONSTANT SIZE    =   ----    ----
   XDATA SIZE       =   ----    ----
   PDATA SIZE       =   ----    ----
   DATA SIZE        =   ----       1
   IDATA SIZE       =   ----    ----
   BIT SIZE         =   ----    ----
END OF MODULE INFORMATION.


C51 COMPILATION COMPLETE.  0 WARNING(S),  0 ERROR(S)
