C51 COMPILER V9.54   MAIN                                                                  03/24/2025 16:14:03 PAGE 1   


C51 COMPILER V9.54, COMPILATION OF MODULE MAIN
OBJECT MODULE PLACED IN .\Objects\main.obj
COMPILER INVOKED BY: F:\ApplicationFlies\Keil C51\C51\BIN\C51.EXE main.c OPTIMIZE(8,SPEED) BROWSE DEBUG OBJECTEXTEND PRI
                    -NT(.\Listings\main.lst) OBJECT(.\Objects\main.obj)

line level    source

   1          #include <REGX52.H>
   2          #include "LCDtools/lcd1602.h"
   3          #include "DS18B20.h"
   4          
   5          void main()
   6          {
   7   1              lcd1602_init();
   8   1              lcd1602_show_string(0,0,"Temperature:");
   9   1              while(1)
  10   1              {
  11   2                      DS18B20_convert();
  12   2                      lcd1602_show_unsigned_char_temperature(0,1,DS18B20_read());
  13   2              }
  14   1      }


MODULE INFORMATION:   STATIC OVERLAYABLE
   CODE SIZE        =     38    ----
   CONSTANT SIZE    =     13    ----
   XDATA SIZE       =   ----    ----
   PDATA SIZE       =   ----    ----
   DATA SIZE        =   ----    ----
   IDATA SIZE       =   ----    ----
   BIT SIZE         =   ----    ----
END OF MODULE INFORMATION.


C51 COMPILATION COMPLETE.  0 WARNING(S),  0 ERROR(S)
