C51 COMPILER V9.54   TIMER                                                                 03/09/2025 20:52:38 PAGE 1   


C51 COMPILER V9.54, COMPILATION OF MODULE TIMER
OBJECT MODULE PLACED IN .\Objects\timer.obj
COMPILER INVOKED BY: F:\ApplicationFlies\Keil C51\C51\BIN\C51.EXE timer.c OPTIMIZE(8,SPEED) BROWSE DEBUG OBJECTEXTEND PR
                    -INT(.\Listings\timer.lst) OBJECT(.\Objects\timer.obj)

line level    source

   1          #include "timer.h"
   2          #include <REGX52.H>
   3          #include "LCDtools/lcd1602.h"
   4          
   5          int counter=0;
   6          unsigned char temp;
   7          unsigned char ten_min='0';
   8          unsigned char min='0';
   9          unsigned char ten_sec='0';
  10          unsigned char sec='0';
  11          void timer0_init()
  12          {
  13   1              TMOD=0x01;//定时器工作模式
  14   1              TF0=0;
  15   1              TR0=1;
  16   1              TH0=64535/256;
  17   1              TL0=64535%256;
  18   1              ET0=1;
  19   1              EA=1;
  20   1              PT0=0;
  21   1      }
  22          
  23          void clock_init()
  24          {
  25   1              lcd1602_clear();
  26   1              lcd1602_show_string(0,0,"time:");
  27   1              lcd1602_show_string(0,1,"00:00");
  28   1      }
  29          
  30          void clock_show(unsigned char ten_min,
  31                                          unsigned char min,
  32                                          unsigned char ten_sec,
  33                                          unsigned char sec)
  34          {
  35   1              lcd1602_show_string(0,1,&ten_min);
  36   1              lcd1602_show_string(1,1,&min);
  37   1              lcd1602_show_string(2,1,":");
  38   1              lcd1602_show_string(3,1,&ten_sec);
  39   1              lcd1602_show_string(4,1,&sec);
  40   1      }
  41          
  42          void cut_progress_ms() interrupt 1
  43          {
  44   1              timer0_init();
  45   1              counter++;
  46   1              if(counter>=1000)
  47   1              {
  48   2                      counter=0;
  49   2                      temp=plus(sec);
  50   2                      if(sec=='9')
  51   2                      {
  52   3                              sec=temp;
  53   3                              temp=plus(ten_sec);
  54   3                              if(ten_sec=='5')
C51 COMPILER V9.54   TIMER                                                                 03/09/2025 20:52:38 PAGE 2   

  55   3                              {
  56   4                                      ten_sec='0';
  57   4                                      temp=plus(min);
  58   4                                      if(min=='9')
  59   4                                      {
  60   5                                              min=temp;
  61   5                                              temp=plus(ten_min);
  62   5                                              if(ten_min=='5')
  63   5                                              {
  64   6                                                      ten_min='0';
  65   6                                                      min='0';
  66   6                                                      ten_sec='0';
  67   6                                                      sec='0';
  68   6                                                      clock_show(ten_min,min,ten_sec,sec);
  69   6                                              }
  70   5                                              else
  71   5                                              {
  72   6                                                      ten_min=temp;
  73   6                                                      clock_show(ten_min,min,ten_sec,sec);
  74   6                                              }
  75   5                                      }
  76   4                                      else
  77   4                                      {
  78   5                                              min=temp;
  79   5                                              clock_show(ten_min,min,ten_sec,sec);
  80   5                                      }
  81   4                              }
  82   3                              else
  83   3                              {
  84   4                                      ten_sec=temp;
  85   4                                      clock_show(ten_min,min,ten_sec,sec);
  86   4                              }
  87   3                      }
  88   2                      else
  89   2                      {
  90   3                              sec=temp;
  91   3                              clock_show(ten_min,min,ten_sec,sec);
  92   3                      }
  93   2              }
  94   1      }
  95          
  96          unsigned char plus(unsigned char i)
  97          {
  98   1              switch(i)
  99   1              {
 100   2                      case '0':return '1';
 101   2                      case '1':return '2';
 102   2                      case '2':return '3';
 103   2                      case '3':return '4';
 104   2                      case '4':return '5';
 105   2                      case '5':return '6';
 106   2                      case '6':return '7';
 107   2                      case '7':return '8';
 108   2                      case '8':return '9';
 109   2                      case '9':return '0';
 110   2              }
 111   1      }
 112          
*** WARNING C291 IN LINE 111 OF timer.c: not every exit path returns a value


MODULE INFORMATION:   STATIC OVERLAYABLE
C51 COMPILER V9.54   TIMER                                                                 03/09/2025 20:52:38 PAGE 3   

   CODE SIZE        =    389    ----
   CONSTANT SIZE    =     14    ----
   XDATA SIZE       =   ----    ----
   PDATA SIZE       =   ----    ----
   DATA SIZE        =      7       4
   IDATA SIZE       =   ----    ----
   BIT SIZE         =   ----    ----
END OF MODULE INFORMATION.


C51 COMPILATION COMPLETE.  1 WARNING(S),  0 ERROR(S)
