C51 COMPILER V9.54   MAIN                                                                  03/23/2025 23:58:53 PAGE 1   


C51 COMPILER V9.54, COMPILATION OF MODULE MAIN
OBJECT MODULE PLACED IN .\Objects\main.obj
COMPILER INVOKED BY: F:\ApplicationFlies\Keil C51\C51\BIN\C51.EXE main.c OPTIMIZE(8,SPEED) BROWSE DEBUG OBJECTEXTEND PRI
                    -NT(.\Listings\main.lst) OBJECT(.\Objects\main.obj)

line level    source

   1          #include <REGX52.H>
   2          #include "timer.h"
   3          #include "Nixie.h"
   4          #include "Key/Key.h"
   5          #include "AT24C02.h"
   6          
   7          unsigned char count1=0;
   8          unsigned char count2=0;
   9          unsigned char count3=0;
  10          unsigned char Mins,Secs,Minsecs;
  11          bit run;
  12          
  13          void Delay5ms(void)     //@11.0592MHz
  14          {
  15   1              unsigned char data i, j;
  16   1      
  17   1              i = 54;
  18   1              j = 199;
  19   1              do
  20   1              {
  21   2                      while (--j);
  22   2              } while (--i);
  23   1      }
  24          
  25          void main()
  26          {
  27   1              timer0_init();
  28   1              Mins=Secs=Minsecs=0;
  29   1              while(1)
  30   1              {
  31   2                      if(key()==1)
  32   2                              run=~run;
  33   2                      if(key()==2)
  34   2                              Mins=Secs=Minsecs=0;
  35   2                      if(key()==3)
  36   2                      {
  37   3                              AT24C02_Write(0,Mins);
  38   3                              Delay5ms();
  39   3                              AT24C02_Write(1,Secs);
  40   3                              Delay5ms();
  41   3                              AT24C02_Write(2,Minsecs);
  42   3                      }
  43   2                      if(key()==4)
  44   2                      {
  45   3                              Mins=AT24C02_Read(0);
  46   3                              Secs=AT24C02_Read(1);
  47   3                              Minsecs=AT24C02_Read(2);
  48   3                      }
  49   2                      setbuf(1,Mins/10);
  50   2                      setbuf(2,Mins%10);
  51   2                      setbuf(3,11);
  52   2                      setbuf(4,Secs/10);
  53   2                      setbuf(5,Secs%10);
  54   2                      setbuf(6,11);
C51 COMPILER V9.54   MAIN                                                                  03/23/2025 23:58:53 PAGE 2   

  55   2                      setbuf(7,Minsecs/10);
  56   2                      setbuf(8,Minsecs%10);
  57   2              }
  58   1      }
  59          
  60          void time_Loop()
  61          {
  62   1              if(run==1)
  63   1              {
  64   2                      Minsecs++;
  65   2                      if(Minsecs>=10)
  66   2                      {
  67   3                              Minsecs=0;
  68   3                              Secs++;
  69   3                              if(Secs>=60)
  70   3                              {
  71   4                                      Secs=0;
  72   4                                      Mins++;
  73   4                                      if(Mins>=60)
  74   4                                      Mins=0;
  75   4                              }
  76   3                      }
  77   2              }
  78   1              
  79   1      }
  80          
  81          void Timer0_Routine() interrupt 1
  82          {
  83   1              TL0=0x18;
  84   1              TH0=0xFC;
  85   1              count1++;
  86   1              count2++;
  87   1              count3++;
  88   1              if(count1>=20)
  89   1              {
  90   2                      count1=0;
  91   2                      Key_Loop();
  92   2              }
  93   1              if(count2>=2)
  94   1              {
  95   2                      count2=0;
  96   2                      Nixie_Loop();
  97   2              }
  98   1              if(count3>=100)
  99   1              {
 100   2                      count3=0;
 101   2                      time_Loop();
 102   2              }
 103   1      }


MODULE INFORMATION:   STATIC OVERLAYABLE
   CODE SIZE        =    337    ----
   CONSTANT SIZE    =   ----    ----
   XDATA SIZE       =   ----    ----
   PDATA SIZE       =   ----    ----
   DATA SIZE        =      6    ----
   IDATA SIZE       =   ----    ----
   BIT SIZE         =      1    ----
END OF MODULE INFORMATION.


C51 COMPILATION COMPLETE.  0 WARNING(S),  0 ERROR(S)
