C51 COMPILER V9.54   NIXIE                                                                 03/23/2025 23:47:52 PAGE 1   


C51 COMPILER V9.54, COMPILATION OF MODULE NIXIE
OBJECT MODULE PLACED IN .\Objects\Nixie.obj
COMPILER INVOKED BY: F:\ApplicationFlies\Keil C51\C51\BIN\C51.EXE Nixie.c OPTIMIZE(8,SPEED) BROWSE DEBUG OBJECTEXTEND PR
                    -INT(.\Listings\Nixie.lst) OBJECT(.\Objects\Nixie.obj)

line level    source

   1          #include "Nixie.h"
   2          #include <REGX52.H>
   3          
   4          unsigned char Nixienum[8];
   5          unsigned char i=0;
   6          
   7          void setbuf(unsigned char location,unsigned char number)
   8          {
   9   1              Nixienum[location-1]=number;
  10   1      }
  11          
  12          void Nixie(unsigned char location,unsigned char number)
  13          {
  14   1              switch(location)
  15   1              {
  16   2                      case 1:P2_2=1;P2_3=1;P2_4=1;break;
  17   2                      case 5:P2_2=1;P2_3=1;P2_4=0;break;
  18   2                      case 3:P2_2=1;P2_3=0;P2_4=1;break;
  19   2                      case 7:P2_2=1;P2_3=0;P2_4=0;break;
  20   2                      case 2:P2_2=0;P2_3=1;P2_4=1;break;
  21   2                      case 6:P2_2=0;P2_3=1;P2_4=0;break;
  22   2                      case 4:P2_2=0;P2_3=0;P2_4=1;break;
  23   2                      case 8:P2_2=0;P2_3=0;P2_4=0;break;
  24   2              }
  25   1              switch(number)
  26   1              {
  27   2                      case 0:P0=0x3F;break;
  28   2                      case 1:P0=0x06;break;
  29   2                      case 2:P0=0x5B;break;
  30   2                      case 3:P0=0x4F;break;
  31   2                      case 4:P0=0x66;break;
  32   2                      case 5:P0=0x6D;break;
  33   2                      case 6:P0=0x7D;break;
  34   2                      case 7:P0=0x07;break;
  35   2                      case 8:P0=0x7F;break;
  36   2                      case 9:P0=0x6F;break;
  37   2                      case 11:P0=0x40;break;
  38   2              }
  39   1      }
  40          
  41          void Nixie_Loop()
  42          {
  43   1              Nixie(i+1,Nixienum[i]);
  44   1              i++;
  45   1              if(i>7)i=0;
  46   1      }


MODULE INFORMATION:   STATIC OVERLAYABLE
   CODE SIZE        =    218    ----
   CONSTANT SIZE    =   ----    ----
   XDATA SIZE       =   ----    ----
   PDATA SIZE       =   ----    ----
   DATA SIZE        =      9    ----
C51 COMPILER V9.54   NIXIE                                                                 03/23/2025 23:47:52 PAGE 2   

   IDATA SIZE       =   ----    ----
   BIT SIZE         =   ----    ----
END OF MODULE INFORMATION.


C51 COMPILATION COMPLETE.  0 WARNING(S),  0 ERROR(S)
