C51 COMPILER V9.54   TIMER                                                                 03/23/2025 23:24:49 PAGE 1   


C51 COMPILER V9.54, COMPILATION OF MODULE TIMER
OBJECT MODULE PLACED IN .\Objects\timer.obj
COMPILER INVOKED BY: F:\ApplicationFlies\Keil C51\C51\BIN\C51.EXE timer.c OPTIMIZE(8,SPEED) BROWSE DEBUG OBJECTEXTEND PR
                    -INT(.\Listings\timer.lst) OBJECT(.\Objects\timer.obj)

line level    source

   1          #include "timer.h"
   2          #include <REGX52.H>
   3          #include "LCDtools/lcd1602.h"
   4          
   5          int counter=0;
   6          unsigned char temp;
   7          unsigned char ten_min='0';
   8          unsigned char min='0';
   9          unsigned char ten_sec='0';
  10          unsigned char sec='0';
  11          void timer0_init()
  12          {
  13   1              TMOD=0x01;//定时器工作模式
  14   1              TF0=0;
  15   1              TR0=1;
  16   1              TL0=0x18;
  17   1              TH0=0xFC;
  18   1              ET0=1;
  19   1              EA=1;
  20   1              PT0=0;
  21   1      }
  22          
  23          void clock_init()
  24          {
  25   1              lcd1602_clear();
  26   1              lcd1602_show_string(0,0,"time:");
  27   1              lcd1602_show_string(0,1,"00:00");
  28   1      }
  29          
  30          void clock_show(unsigned char ten_min,
  31                                          unsigned char min,
  32                                          unsigned char ten_sec,
  33                                          unsigned char sec)
  34          {
  35   1              lcd1602_show_string(0,1,&ten_min);
  36   1              lcd1602_show_string(1,1,&min);
  37   1              lcd1602_show_string(2,1,":");
  38   1              lcd1602_show_string(3,1,&ten_sec);
  39   1              lcd1602_show_string(4,1,&sec);
  40   1      }


MODULE INFORMATION:   STATIC OVERLAYABLE
   CODE SIZE        =    119    ----
   CONSTANT SIZE    =     14    ----
   XDATA SIZE       =   ----    ----
   PDATA SIZE       =   ----    ----
   DATA SIZE        =      7       4
   IDATA SIZE       =   ----    ----
   BIT SIZE         =   ----    ----
END OF MODULE INFORMATION.


C51 COMPILATION COMPLETE.  0 WARNING(S),  0 ERROR(S)
