C51 COMPILER V9.54   MAIN                                                                  03/28/2025 17:52:49 PAGE 1   


C51 COMPILER V9.54, COMPILATION OF MODULE MAIN
OBJECT MODULE PLACED IN .\Objects\main.obj
COMPILER INVOKED BY: F:\ApplicationFlies\Keil C51\C51\BIN\C51.EXE main.c OPTIMIZE(8,SPEED) BROWSE DEBUG OBJECTEXTEND PRI
                    -NT(.\Listings\main.lst) OBJECT(.\Objects\main.obj)

line level    source

   1          #include "LCDtools/lcd1602.h"
   2          #include "XPT2046.h"
   3          
   4          unsigned int val;
   5          
   6          void main()
   7          {
   8   1              LCD_init();
   9   1              LCD_showstring(1,1,"ADJ  NTC  RG");
  10   1              while(1)
  11   1              {
  12   2                      val=XPT_readAD(XPT_XP);
  13   2                      LCD_shownum(1,2,val,3);
  14   2                      val=XPT_readAD(XPT_YP);
  15   2                      LCD_shownum(6,2,val,3);
  16   2                      val=XPT_readAD(XPT_VBAT);
  17   2                      LCD_shownum(11,2,val,3);
  18   2              }
  19   1      }


MODULE INFORMATION:   STATIC OVERLAYABLE
   CODE SIZE        =     87    ----
   CONSTANT SIZE    =     13    ----
   XDATA SIZE       =   ----    ----
   PDATA SIZE       =   ----    ----
   DATA SIZE        =      2    ----
   IDATA SIZE       =   ----    ----
   BIT SIZE         =   ----    ----
END OF MODULE INFORMATION.


C51 COMPILATION COMPLETE.  0 WARNING(S),  0 ERROR(S)
