C51 COMPILER V9.54   HC595                                                                 03/16/2025 11:34:38 PAGE 1   


C51 COMPILER V9.54, COMPILATION OF MODULE HC595
OBJECT MODULE PLACED IN .\Objects\HC595.obj
COMPILER INVOKED BY: F:\ApplicationFlies\Keil C51\C51\BIN\C51.EXE HC595.c OPTIMIZE(8,SPEED) BROWSE DEBUG OBJECTEXTEND PR
                    -INT(.\Listings\HC595.lst) OBJECT(.\Objects\HC595.obj)

line level    source

   1          #include <REGX52.H>
   2          #include "HC595.h"
   3          
   4          sbit RCK=P3^5;//RCLK
   5          sbit SCK=P3^6;//SRCLK
   6          sbit SER=P3^4;//SER
   7          
   8          void HC595_init()
   9          {
  10   1              SCK=0;
  11   1              RCK=0;
  12   1      }
  13          
  14          void Write74HC595(unsigned char val)
  15          {
  16   1              unsigned char i;
  17   1              for(i=0;i<8;i++)
  18   1              {
  19   2                      if(val&(0x80>>i))
  20   2                              SER=1;
  21   2                      else
  22   2                              SER=0;
  23   2                      SCK=1;
  24   2                      SCK=0;
  25   2              }
  26   1              RCK=1;
  27   1              RCK=0;
  28   1      }


MODULE INFORMATION:   STATIC OVERLAYABLE
   CODE SIZE        =     52    ----
   CONSTANT SIZE    =   ----    ----
   XDATA SIZE       =   ----    ----
   PDATA SIZE       =   ----    ----
   DATA SIZE        =   ----    ----
   IDATA SIZE       =   ----    ----
   BIT SIZE         =   ----    ----
END OF MODULE INFORMATION.


C51 COMPILATION COMPLETE.  0 WARNING(S),  0 ERROR(S)
