C51 COMPILER V9.54   MATRIXLED                                                             03/16/2025 11:40:47 PAGE 1   


C51 COMPILER V9.54, COMPILATION OF MODULE MATRIXLED
OBJECT MODULE PLACED IN .\Objects\MatrixLED.obj
COMPILER INVOKED BY: F:\ApplicationFlies\Keil C51\C51\BIN\C51.EXE MatrixLED.c OPTIMIZE(8,SPEED) BROWSE DEBUG OBJECTEXTEN
                    -D PRINT(.\Listings\MatrixLED.lst) OBJECT(.\Objects\MatrixLED.obj)

line level    source

   1          #include "HC595.h"
   2          #include <REGX52.H>
   3          
   4          void Delay1ms(void)     //@11.0592MHz
   5          {
   6   1              unsigned char data i, j;
   7   1              i = 5;
   8   1              j = 80;
   9   1              do
  10   1              {
  11   2                      while (--j);
  12   2              } while (--i);
  13   1      }
  14          
  15          void MatrixLED_init()
  16          {
  17   1              HC595_init();
  18   1              P0=~0x00;
  19   1      }
  20          
  21          void MatrixLED_showcolumn(unsigned char column,unsigned char val)
  22          {
  23   1              Write74HC595(val);
  24   1              if(column==1)
  25   1                      P0=~0x80;
  26   1              if(column==2)
  27   1                      P0=~0x40;
  28   1              if(column==3)
  29   1                      P0=~0x20;
  30   1              if(column==4)
  31   1                      P0=~0x10;
  32   1              if(column==5)
  33   1                      P0=~0x08;
  34   1              if(column==6)
  35   1                      P0=~0x04;
  36   1              if(column==7)
  37   1                      P0=~0x02;
  38   1              if(column==8)
  39   1                      P0=~0x01;
  40   1              Delay1ms();
  41   1              P0=~0x00;
  42   1      }


MODULE INFORMATION:   STATIC OVERLAYABLE
   CODE SIZE        =     96    ----
   CONSTANT SIZE    =   ----    ----
   XDATA SIZE       =   ----    ----
   PDATA SIZE       =   ----    ----
   DATA SIZE        =   ----       1
   IDATA SIZE       =   ----    ----
   BIT SIZE         =   ----    ----
END OF MODULE INFORMATION.


C51 COMPILATION COMPLETE.  0 WARNING(S),  0 ERROR(S)
