C51 COMPILER V9.54   MAIN                                                                  03/06/2025 18:18:10 PAGE 1   


C51 COMPILER V9.54, COMPILATION OF MODULE MAIN
OBJECT MODULE PLACED IN .\Objects\main.obj
COMPILER INVOKED BY: F:\ApplicationFlies\Keil C51\C51\BIN\C51.EXE main.c OPTIMIZE(8,SPEED) BROWSE DEBUG OBJECTEXTEND PRI
                    -NT(.\Listings\main.lst) OBJECT(.\Objects\main.obj)

line level    source

   1          //#include <STC89C5xRC.H>
   2          #include <REGX52.H>
   3          
   4          void Delay20ms(void)    //@11.0592MHz
   5          {
   6   1              unsigned char data i, j;
   7   1      
   8   1              i = 216;
   9   1              j = 37;
  10   1              do
  11   1              {
  12   2                      while (--j);
  13   2              } while (--i);
  14   1      }
  15          
  16          void main()
  17          {
  18   1              unsigned char last_bot;
  19   1              unsigned char LED;
  20   1              unsigned char max=0;
  21   1              while(P3_0==1&&P3_1==1&&P3_2==1&&P3_3==1);
  22   1              while(1)//主程序内容
  23   1              {
  24   2                      while(P3_0==1&&P3_2==1&&P3_3==1)//只执行P31端口的按键的程序
  25   2                      {
  26   3                              if(last_bot!=1)
  27   3                              {
  28   4                                      P2=0xFF;
  29   4                              }
  30   3                              if(P3_1==0)//P31端口的按键按下
  31   3                              {
  32   4                                      last_bot=1;
  33   4                                      P2_0=0;//P20端口的LED点亮
  34   4                                      Delay20ms();
  35   4                              }
  36   3                              else
  37   3                              {
  38   4                                      P2_0=1;//P20端口的LED熄灭
  39   4                                      Delay20ms();
  40   4                              }
  41   3                      }
  42   2                      while(P3_1==1&&P3_2==1&&P3_3==1)//只执行P30端口的按键的程序
  43   2                      {
  44   3                              if(last_bot!=0)
  45   3                              {
  46   4                                      P2=0xFF;
  47   4                              }
  48   3                              if(P3_0==0)//P30端口的按键按下
  49   3                              {
  50   4                                      last_bot=0;
  51   4                                      Delay20ms();
  52   4                                      while(P3_0==0);
  53   4                                      P2_0=~P2_0;
  54   4                                      Delay20ms();
C51 COMPILER V9.54   MAIN                                                                  03/06/2025 18:18:10 PAGE 2   

  55   4                              }
  56   3                      }
  57   2                      while(P3_0==1&&P3_1==1&&P3_3==1)//只执行P32端口的按键的程序
  58   2                      {       
  59   3                              if(last_bot!=2)
  60   3                              {
  61   4                                      LED=0;
  62   4                                      P2=~LED;
  63   4                              }
  64   3                              if(P3_2==0)
  65   3                              {
  66   4                                      last_bot=2;
  67   4                                      Delay20ms();
  68   4                                      while(P3_2==0);
  69   4                                      LED++;
  70   4                                      P2=~LED;
  71   4                                      Delay20ms();
  72   4                              }
  73   3                      }
  74   2                      while(P3_1==1&&P3_2==1&&P3_0==1)//只执行P33端口的按键的程序
  75   2                      {
  76   3                              if(last_bot!=3)
  77   3                              {
  78   4                                      LED=0;
  79   4                                      P2=~LED;
  80   4                              }
  81   3                              if(P3_3==0)
  82   3                              {
  83   4                                      Delay20ms();
  84   4                                      while(P3_3==0);
  85   4                                      if(last_bot!=3||max==1)
  86   4                                      {
  87   5                                              LED=0x01;
  88   5                                              max=0;
  89   5                                      }
  90   4                                      else
  91   4                                      {
  92   5                                              LED=LED+LED;
  93   5                                      }
  94   4                                      last_bot=3;
  95   4                                      if(LED==128)
  96   4                                      {
  97   5                                              max=1;
  98   5                                      }
  99   4                                      else
 100   4                                              max=0;
 101   4                                      P2=~LED;
 102   4                                      Delay20ms();
 103   4                              }
 104   3                      }
 105   2              }
 106   1      }


MODULE INFORMATION:   STATIC OVERLAYABLE
   CODE SIZE        =    190    ----
   CONSTANT SIZE    =   ----    ----
   XDATA SIZE       =   ----    ----
   PDATA SIZE       =   ----    ----
   DATA SIZE        =   ----    ----
   IDATA SIZE       =   ----    ----
   BIT SIZE         =   ----    ----
C51 COMPILER V9.54   MAIN                                                                  03/06/2025 18:18:10 PAGE 3   

END OF MODULE INFORMATION.


C51 COMPILATION COMPLETE.  0 WARNING(S),  0 ERROR(S)
