C51 COMPILER V9.54   MAIN                                                                  03/07/2025 17:50:39 PAGE 1   


C51 COMPILER V9.54, COMPILATION OF MODULE MAIN
OBJECT MODULE PLACED IN .\Objects\main.obj
COMPILER INVOKED BY: F:\ApplicationFlies\Keil C51\C51\BIN\C51.EXE main.c OPTIMIZE(8,SPEED) BROWSE DEBUG OBJECTEXTEND PRI
                    -NT(.\Listings\main.lst) OBJECT(.\Objects\main.obj)

line level    source

   1          #include <REGX52.H>
   2          
   3          void Delay20ms(void)    //@11.0592MHz
   4          {
   5   1              unsigned char data i, j;
   6   1      
   7   1              i = 216;
   8   1              j = 37;
   9   1              do
  10   1              {
  11   2                      while (--j);
  12   2              } while (--i);
  13   1      }
  14          
  15          void Delay100us(void)   //@11.0592MHz
  16          {
  17   1              unsigned char data i, j;
  18   1              i = 2;
  19   1              j = 15;
  20   1              do
  21   1              {
  22   2                      while (--j);
  23   2              } while (--i);
  24   1      }
  25          
  26          void main()
  27          {
  28   1              while(1)
  29   1              {
  30   2                      if(P3_1==0)
  31   2                      {
  32   3                              P2_4=1;
  33   3                              P2_3=0;
  34   3                              P2_2=1;
  35   3                              P0=0x7D;
  36   3                              Delay20ms();
  37   3                      }
  38   2                      else
  39   2                      {
  40   3                              P0=0;
  41   3                              P2=255;
  42   3                              P0_5=0;
  43   3                      }
  44   2                      while(P3_0==0)
  45   2                      {
  46   3                              P2_4=1;
  47   3                              P2_3=1;
  48   3                              P2_2=1;
  49   3                              P0=0x06;
  50   3                              Delay100us();
  51   3                              P0=0;
  52   3                              P2=255;
  53   3                              P2_4=1;
  54   3                              P2_3=1;
C51 COMPILER V9.54   MAIN                                                                  03/07/2025 17:50:39 PAGE 2   

  55   3                              P2_2=0;
  56   3                              P0=0x5B;
  57   3                              Delay100us();
  58   3                              P0=0;
  59   3                              P2=255;
  60   3                              P2_4=1;
  61   3                              P2_3=0;
  62   3                              P2_2=1;
  63   3                              P0=0x4F;
  64   3                              Delay100us();
  65   3                              P0=0;
  66   3                              P2=255;
  67   3                      }
  68   2              }
  69   1      }


MODULE INFORMATION:   STATIC OVERLAYABLE
   CODE SIZE        =    100    ----
   CONSTANT SIZE    =   ----    ----
   XDATA SIZE       =   ----    ----
   PDATA SIZE       =   ----    ----
   DATA SIZE        =   ----    ----
   IDATA SIZE       =   ----    ----
   BIT SIZE         =   ----    ----
END OF MODULE INFORMATION.


C51 COMPILATION COMPLETE.  0 WARNING(S),  0 ERROR(S)
