C51 COMPILER V9.54   AT24C02                                                               03/24/2025 16:24:47 PAGE 1   


C51 COMPILER V9.54, COMPILATION OF MODULE AT24C02
OBJECT MODULE PLACED IN .\Objects\AT24C02.obj
COMPILER INVOKED BY: F:\ApplicationFlies\Keil C51\C51\BIN\C51.EXE AT24C02.c OPTIMIZE(8,SPEED) BROWSE DEBUG OBJECTEXTEND 
                    -PRINT(.\Listings\AT24C02.lst) OBJECT(.\Objects\AT24C02.obj)

line level    source

   1          #include "AT24C02.h"
   2          #include "I2C.h"
   3          #include <REGX52.H>
   4          
   5          void AT24C02_Write(unsigned char WordAddress,unsigned char val)
   6          {
   7   1              bit ack;
   8   1              I2C_init();
   9   1              I2C_start();
  10   1              I2C_send(0xA0);//向AT24C02发送地址数据
  11   1              ack=I2C_getack();
  12   1              I2C_send(WordAddress);
  13   1              ack=I2C_getack();
  14   1              I2C_send(val);
  15   1              ack=I2C_getack();
  16   1              I2C_stop();
  17   1      }
  18          
  19          unsigned char AT24C02_Read(unsigned char WordAddress)
  20          {
  21   1              unsigned char val;
  22   1              bit ack;
  23   1              I2C_init();
  24   1              I2C_start();
  25   1              I2C_send(0xA0);//向AT24C02发送地址数据
  26   1              ack=I2C_getack();
  27   1              I2C_send(WordAddress);
  28   1              ack=I2C_getack();
  29   1              I2C_init();
  30   1              I2C_start();
  31   1              I2C_send(0xA1);
  32   1              ack=I2C_getack();
  33   1              val=I2C_get();
  34   1              I2C_sendack(1);
  35   1              I2C_stop();
  36   1              return val;
  37   1      }


MODULE INFORMATION:   STATIC OVERLAYABLE
   CODE SIZE        =    103    ----
   CONSTANT SIZE    =   ----    ----
   XDATA SIZE       =   ----    ----
   PDATA SIZE       =   ----    ----
   DATA SIZE        =   ----       4
   IDATA SIZE       =   ----    ----
   BIT SIZE         =   ----       2
END OF MODULE INFORMATION.


C51 COMPILATION COMPLETE.  0 WARNING(S),  0 ERROR(S)
