C51 COMPILER V9.54   KEY                                                                   03/24/2025 16:24:49 PAGE 1   


C51 COMPILER V9.54, COMPILATION OF MODULE KEY
OBJECT MODULE PLACED IN .\Objects\Key.obj
COMPILER INVOKED BY: F:\ApplicationFlies\Keil C51\C51\BIN\C51.EXE Key\Key.c OPTIMIZE(8,SPEED) BROWSE DEBUG OBJECTEXTEND 
                    -PRINT(.\Listings\Key.lst) OBJECT(.\Objects\Key.obj)

line level    source

   1          #include "Key/Key.h"
   2          #include <REGX52.H>
   3          
   4          unsigned char lastkey=0;
   5          unsigned char keynum=0;
   6          
   7          void Delay20ms(void)    //@11.0592MHz
   8          {
   9   1              unsigned char data i, j;
  10   1      
  11   1              i = 150;
  12   1              j = 37;
  13   1              do
  14   1              {
  15   2                      while (--j);
  16   2              } while (--i);
  17   1      }
  18          
  19          unsigned char key()
  20          {
  21   1              unsigned char temp=keynum;
  22   1              keynum=0;
  23   1              return temp;
  24   1      }
  25          
  26          void Key_Loop()
  27          {
  28   1              if(P3_1==0)lastkey=1;
  29   1              if(P3_0==0)lastkey=2;
  30   1              if(P3_2==0)lastkey=3;
  31   1              if(P3_3==0)lastkey=4;
  32   1              if(P3_1!=0&&P3_0!=0&&P3_2!=0&&P3_3!=0)
  33   1              {
  34   2                      if(lastkey==1)
  35   2                      {
  36   3                              lastkey=0;
  37   3                              keynum=1;
  38   3                      }
  39   2                      if(lastkey==2)
  40   2                      {
  41   3                              lastkey=0;
  42   3                              keynum=2;
  43   3                      }
  44   2                      if(lastkey==3)
  45   2                      {
  46   3                              lastkey=0;
  47   3                              keynum=3;
  48   3                      }
  49   2                      if(lastkey==4)
  50   2                      {
  51   3                              lastkey=0;
  52   3                              keynum=4;
  53   3                      }
  54   2              }
C51 COMPILER V9.54   KEY                                                                   03/24/2025 16:24:49 PAGE 2   

  55   1      }


MODULE INFORMATION:   STATIC OVERLAYABLE
   CODE SIZE        =     96    ----
   CONSTANT SIZE    =   ----    ----
   XDATA SIZE       =   ----    ----
   PDATA SIZE       =   ----    ----
   DATA SIZE        =      2    ----
   IDATA SIZE       =   ----    ----
   BIT SIZE         =   ----    ----
END OF MODULE INFORMATION.


C51 COMPILATION COMPLETE.  0 WARNING(S),  0 ERROR(S)
