C51 COMPILER V9.54   MAIN                                                                  03/24/2025 17:36:39 PAGE 1   


C51 COMPILER V9.54, COMPILATION OF MODULE MAIN
OBJECT MODULE PLACED IN .\Objects\main.obj
COMPILER INVOKED BY: F:\ApplicationFlies\Keil C51\C51\BIN\C51.EXE main.c OPTIMIZE(8,SPEED) BROWSE DEBUG OBJECTEXTEND PRI
                    -NT(.\Listings\main.lst) OBJECT(.\Objects\main.obj)

line level    source

   1          #include "Key/Key.h"
   2          #include "timer.h"
   3          #include <REGX52.H>
   4          #include "AT24C02.h"
   5          #include "LCDtools/lcd1602.h"
   6          #include "DS18B20.h"
   7          
   8          unsigned char count1;
   9          float T;
  10          float TH,TL;
  11          
  12          void main()
  13          {
  14   1              unsigned char keynum;
  15   1              if(AT24C02_Read(0)==1)
  16   1                      TL=(float)AT24C02_Read(1);
  17   1              else
  18   1              {
  19   2                      TL=(float)AT24C02_Read(1);
  20   2                      TL=-TL;
  21   2              }
  22   1              if(AT24C02_Read(2)==1)
  23   1                      TH=(float)AT24C02_Read(3);
  24   1              else
  25   1              {
  26   2                      TL=(float)AT24C02_Read(3);
  27   2                      TL=-TH;
  28   2              }
  29   1              if(TL>=0)
  30   1              {
  31   2                      AT24C02_Write(0,1);
  32   2                      AT24C02_Write(1,(unsigned char)(int)TL);
  33   2              }
  34   1              else
  35   1              {
  36   2                      AT24C02_Write(0,0);
  37   2                      AT24C02_Write(1,(unsigned char)(int)TL);
  38   2              }
  39   1              if(TH>=0)
  40   1              {
  41   2                      AT24C02_Write(2,1);
  42   2                      AT24C02_Write(3,(unsigned char)(int)TH);
  43   2              }
  44   1              else
  45   1              {
  46   2                      AT24C02_Write(2,0);
  47   2                      AT24C02_Write(3,(unsigned char)(int)TH);
  48   2              }
  49   1              timer0_init();
  50   1              lcd1602_init();
  51   1              lcd1602_show_string(0,0,"Temp:");
  52   1              while(1)
  53   1              {
  54   2                      keynum=0;
C51 COMPILER V9.54   MAIN                                                                  03/24/2025 17:36:39 PAGE 2   

  55   2                      keynum=key();
  56   2                      if(keynum==1)
  57   2                      {
  58   3                              TL++;
  59   3                              if(TL>=0)
  60   3                              {
  61   4                                      AT24C02_Write(0,1);
  62   4                                      AT24C02_Write(1,(unsigned char)(int)TL);
  63   4                              }
  64   3                              else
  65   3                              {
  66   4                                      AT24C02_Write(0,0);
  67   4                                      AT24C02_Write(1,(unsigned char)(int)TL);
  68   4                              }
  69   3                              if(TH>=0)
  70   3                              {
  71   4                                      AT24C02_Write(2,1);
  72   4                                      AT24C02_Write(3,(unsigned char)(int)TH);
  73   4                              }
  74   3                              else
  75   3                              {
  76   4                                      AT24C02_Write(2,0);
  77   4                                      AT24C02_Write(3,(unsigned char)(int)TH);
  78   4                              }
  79   3                      }
  80   2                      if(keynum==2)
  81   2                      {
  82   3                              TL--;
  83   3                              if(TL>=0)
  84   3                              {
  85   4                                      AT24C02_Write(0,1);
  86   4                                      AT24C02_Write(1,(unsigned char)(int)TL);
  87   4                              }
  88   3                              else
  89   3                              {
  90   4                                      AT24C02_Write(0,0);
  91   4                                      AT24C02_Write(1,(unsigned char)(int)TL);
  92   4                              }
  93   3                              if(TH>=0)
  94   3                              {
  95   4                                      AT24C02_Write(2,1);
  96   4                                      AT24C02_Write(3,(unsigned char)(int)TH);
  97   4                              }
  98   3                              else
  99   3                              {
 100   4                                      AT24C02_Write(2,0);
 101   4                                      AT24C02_Write(3,(unsigned char)(int)TH);
 102   4                              }
 103   3                      }
 104   2                      if(keynum==3)
 105   2                      {
 106   3                              TH++;
 107   3                              if(TL>=0)
 108   3                              {
 109   4                                      AT24C02_Write(0,1);
 110   4                                      AT24C02_Write(1,(unsigned char)(int)TL);
 111   4                              }
 112   3                              else
 113   3                              {
 114   4                                      AT24C02_Write(0,0);
 115   4                                      AT24C02_Write(1,(unsigned char)(int)TL);
 116   4                              }
C51 COMPILER V9.54   MAIN                                                                  03/24/2025 17:36:39 PAGE 3   

 117   3                              if(TH>=0)
 118   3                              {
 119   4                                      AT24C02_Write(2,1);
 120   4                                      AT24C02_Write(3,(unsigned char)(int)TH);
 121   4                              }
 122   3                              else
 123   3                              {
 124   4                                      AT24C02_Write(2,0);
 125   4                                      AT24C02_Write(3,(unsigned char)(int)TH);
 126   4                              }
 127   3                      }
 128   2                      if(keynum==4)
 129   2                      {
 130   3                              TH--;
 131   3                              if(TL>=0)
 132   3                              {
 133   4                                      AT24C02_Write(0,1);
 134   4                                      AT24C02_Write(1,(unsigned char)(int)TL);
 135   4                              }
 136   3                              else
 137   3                              {
 138   4                                      AT24C02_Write(0,0);
 139   4                                      AT24C02_Write(1,(unsigned char)(int)TL);
 140   4                              }
 141   3                              if(TH>=0)
 142   3                              {
 143   4                                      AT24C02_Write(2,1);
 144   4                                      AT24C02_Write(3,(unsigned char)(int)TH);
 145   4                              }
 146   3                              else
 147   3                              {
 148   4                                      AT24C02_Write(2,0);
 149   4                                      AT24C02_Write(3,(unsigned char)(int)TH);
 150   4                              }
 151   3                      }
 152   2                      DS18B20_convert();
 153   2                      T=DS18B20_read();
 154   2                      lcd1602_show_unsigned_char_temperature(5,0,T);
 155   2                      if(TL>=0)
 156   2                              {
 157   3                                      lcd1602_show_string(0,1,"TL:+");
 158   3                                      lcd1602_show_unsigned_char(4,1,(unsigned char)(int)TL);
 159   3                              }
 160   2                      else
 161   2                      {
 162   3                              lcd1602_show_string(0,1,"TL:-");
 163   3                              lcd1602_show_unsigned_char(4,1,(unsigned char)(int)(-TL));
 164   3                      }
 165   2                      if(TH>=0)
 166   2                      {
 167   3                              lcd1602_show_string(9,1,"TH:+");
 168   3                              lcd1602_show_unsigned_char(13,1,(unsigned char)(int)TH);
 169   3                      }
 170   2                      else
 171   2                      {
 172   3                              lcd1602_show_string(9,1,"TH:-");
 173   3                              lcd1602_show_unsigned_char(13,1,(unsigned char)(int)(-TH));
 174   3                      }
 175   2                              
 176   2                      if(T<TL)
 177   2                              lcd1602_show_string(14,0,"L!");
 178   2                      else if(T>TH)
C51 COMPILER V9.54   MAIN                                                                  03/24/2025 17:36:39 PAGE 4   

 179   2                              lcd1602_show_string(14,0,"H!");
 180   2                      else
 181   2                              lcd1602_show_string(14,0,"  ");
 182   2              }
 183   1      }
 184          
 185          void Timer0_Routine() interrupt 1
 186          {
 187   1              TL0=0x18;
 188   1              TH0=0xFC;
 189   1              count1++;
 190   1              if(count1>=20)
 191   1              {
 192   2                      count1=0;
 193   2                      Key_Loop();
 194   2              }
 195   1      }


MODULE INFORMATION:   STATIC OVERLAYABLE
   CODE SIZE        =   1082    ----
   CONSTANT SIZE    =     35    ----
   XDATA SIZE       =   ----    ----
   PDATA SIZE       =   ----    ----
   DATA SIZE        =     13       1
   IDATA SIZE       =   ----    ----
   BIT SIZE         =   ----    ----
END OF MODULE INFORMATION.


C51 COMPILATION COMPLETE.  0 WARNING(S),  0 ERROR(S)
