C51 COMPILER V9.54   ONE_BUS                                                               03/24/2025 16:24:48 PAGE 1   


C51 COMPILER V9.54, COMPILATION OF MODULE ONE_BUS
OBJECT MODULE PLACED IN .\Objects\One_bus.obj
COMPILER INVOKED BY: F:\ApplicationFlies\Keil C51\C51\BIN\C51.EXE One_bus.c OPTIMIZE(8,SPEED) BROWSE DEBUG OBJECTEXTEND 
                    -PRINT(.\Listings\One_bus.lst) OBJECT(.\Objects\One_bus.obj)

line level    source

   1          #include "One_bus.h"
   2          #include <REGX52.H>
   3          
   4          sbit DQ=P3^7;
   5          
   6          void Delay485us(void)   //@11.0592MHz
   7          {
   8   1              unsigned char data i;
   9   1      
  10   1              i = 221;
  11   1              while (--i);
  12   1      }
  13          
  14          void Delay70us(void)    //@11.0592MHz
  15          {
  16   1              unsigned char data i;
  17   1      
  18   1              i = 29;
  19   1              while (--i);
  20   1      }
  21          
  22          void Delay9us(void)     //@11.0592MHz
  23          {
  24   1              unsigned char data i;
  25   1      
  26   1              i = 1;
  27   1              while (--i);
  28   1      }
  29          
  30          unsigned char One_bus_Init()//初始化单总线
  31          {
  32   1              bit i;
  33   1              DQ=1;
  34   1              DQ=0;
  35   1              Delay485us();
  36   1              DQ=1;
  37   1              Delay70us();
  38   1              i=DQ;
  39   1              Delay485us();
  40   1              return i;
  41   1      }
  42          
  43          void One_bus_send(bit val)
  44          {       
  45   1              unsigned char data i;
  46   1              DQ=0;
  47   1              Delay9us();
  48   1              DQ=val;
  49   1              i = 22;
  50   1              while (--i);//delay 50 us
  51   1              DQ=1;
  52   1      }
  53          
  54          bit One_bus_get()
C51 COMPILER V9.54   ONE_BUS                                                               03/24/2025 16:24:48 PAGE 2   

  55          {
  56   1              bit val;
  57   1              unsigned char data i;
  58   1              DQ=0;
  59   1              i = 2;
  60   1              while (--i);//Delay 5 us
  61   1              DQ=1;
  62   1              i = 2;
  63   1              while (--i);//Delay 5 us
  64   1              val=DQ;
  65   1              i = 22;
  66   1              while (--i);//Delay 50 us
  67   1              return val;
  68   1      }
  69          
  70          void One_bus_sendbyte(unsigned char val)
  71          {
  72   1              unsigned char i;
  73   1              for(i=0;i<8;i++)
  74   1              {
  75   2                      One_bus_send(val&(0x01<<i));
  76   2              }
  77   1      }
  78          
  79          unsigned char One_bus_getbyte()
  80          {
  81   1              unsigned char val,i;
  82   1              val=0x00;
  83   1              for(i=0;i<8;i++)
  84   1              {
  85   2                      if(One_bus_get()==1)
  86   2                      {
  87   3                              val|=(0x01<<i);
  88   3                      }
  89   2              }
  90   1              return val;
  91   1      }


MODULE INFORMATION:   STATIC OVERLAYABLE
   CODE SIZE        =    146    ----
   CONSTANT SIZE    =   ----    ----
   XDATA SIZE       =   ----    ----
   PDATA SIZE       =   ----    ----
   DATA SIZE        =   ----    ----
   IDATA SIZE       =   ----    ----
   BIT SIZE         =   ----       3
END OF MODULE INFORMATION.


C51 COMPILATION COMPLETE.  0 WARNING(S),  0 ERROR(S)
