C51 COMPILER V9.54   KEY                                                                   03/19/2025 12:48:47 PAGE 1   


C51 COMPILER V9.54, COMPILATION OF MODULE KEY
OBJECT MODULE PLACED IN .\Objects\Key.obj
COMPILER INVOKED BY: F:\ApplicationFlies\Keil C51\C51\BIN\C51.EXE Key.c OPTIMIZE(8,SPEED) BROWSE DEBUG OBJECTEXTEND PRIN
                    -T(.\Listings\Key.lst) OBJECT(.\Objects\Key.obj)

line level    source

   1          #include "Key.h"
   2          #include <REGX52.H>
   3          
   4          void Delay20ms(void)    //@11.0592MHz
   5          {
   6   1              unsigned char data i, j;
   7   1      
   8   1              i = 216;
   9   1              j = 37;
  10   1              do
  11   1              {
  12   2                      while (--j);
  13   2              } while (--i);
  14   1      }
  15          
  16          unsigned char key()
  17          {
  18   1              if(P3_1==0)
  19   1              {
  20   2                      Delay20ms();
  21   2                      while(P3_1==0);
  22   2                      Delay20ms();
  23   2                      return 1;
  24   2              }
  25   1              if(P3_0==0)
  26   1              {
  27   2                      Delay20ms();
  28   2                      while(P3_1==0);
  29   2                      Delay20ms();
  30   2                      return 2;
  31   2              }
  32   1              if(P3_2==0)
  33   1              {
  34   2                      Delay20ms();
  35   2                      while(P3_1==0);
  36   2                      Delay20ms();
  37   2                      return 3;
  38   2              }
  39   1              if(P3_3==0)
  40   1              {
  41   2                      Delay20ms();
  42   2                      while(P3_1==0);
  43   2                      Delay20ms();
  44   2                      return 4;
  45   2              }
  46   1              return 0;
  47   1      }


MODULE INFORMATION:   STATIC OVERLAYABLE
   CODE SIZE        =     72    ----
   CONSTANT SIZE    =   ----    ----
   XDATA SIZE       =   ----    ----
   PDATA SIZE       =   ----    ----
C51 COMPILER V9.54   KEY                                                                   03/19/2025 12:48:47 PAGE 2   

   DATA SIZE        =   ----    ----
   IDATA SIZE       =   ----    ----
   BIT SIZE         =   ----    ----
END OF MODULE INFORMATION.


C51 COMPILATION COMPLETE.  0 WARNING(S),  0 ERROR(S)
