C51 COMPILER V9.54   MAIN                                                                  03/19/2025 12:50:54 PAGE 1   


C51 COMPILER V9.54, COMPILATION OF MODULE MAIN
OBJECT MODULE PLACED IN .\Objects\main.obj
COMPILER INVOKED BY: F:\ApplicationFlies\Keil C51\C51\BIN\C51.EXE main.c OPTIMIZE(8,SPEED) BROWSE DEBUG OBJECTEXTEND PRI
                    -NT(.\Listings\main.lst) OBJECT(.\Objects\main.obj)

line level    source

   1          #include <REGX52.H>
   2          #include "Key.h"
   3          #include "Nixie.h"
   4          
   5          sbit BEEP=P2^5;
   6          unsigned char keynum;
   7          unsigned int i;
   8          
   9          void Delay1ms(void)     //@11.0592MHz
  10          {
  11   1              unsigned char data i, j;
  12   1              i = 11;
  13   1              j = 190;
  14   1              do
  15   1              {
  16   2                      while (--j);
  17   2              } while (--i);
  18   1      }
  19          
  20          void main()
  21          {
  22   1              Nixie(1,0);
  23   1              while(1)
  24   1              {
  25   2                      keynum=Key();
*** WARNING C206 IN LINE 25 OF main.c: 'Key': missing function-prototype
  26   2                      if(keynum)
  27   2                      {
  28   3                              Nixie(1,keynum);
  29   3                              for(i=0;i<500;i++)
  30   3                              {
  31   4                                      BEEP=~BEEP;
  32   4                                      Delay1ms();
  33   4                              }
  34   3                      }
  35   2              }
  36   1      }


MODULE INFORMATION:   STATIC OVERLAYABLE
   CODE SIZE        =     62    ----
   CONSTANT SIZE    =   ----    ----
   XDATA SIZE       =   ----    ----
   PDATA SIZE       =   ----    ----
   DATA SIZE        =      3    ----
   IDATA SIZE       =   ----    ----
   BIT SIZE         =   ----    ----
END OF MODULE INFORMATION.


C51 COMPILATION COMPLETE.  1 WARNING(S),  0 ERROR(S)
