C51 COMPILER V9.54   NIXIE                                                                 03/19/2025 12:48:47 PAGE 1   


C51 COMPILER V9.54, COMPILATION OF MODULE NIXIE
OBJECT MODULE PLACED IN .\Objects\Nixie.obj
COMPILER INVOKED BY: F:\ApplicationFlies\Keil C51\C51\BIN\C51.EXE Nixie.c OPTIMIZE(8,SPEED) BROWSE DEBUG OBJECTEXTEND PR
                    -INT(.\Listings\Nixie.lst) OBJECT(.\Objects\Nixie.obj)

line level    source

   1          #include "Nixie.h"
   2          #include <REGX52.H>
   3          
   4          void Nixie(unsigned char location,unsigned char number)
   5          {
   6   1              switch(location)
   7   1              {
   8   2                      case 1:P2_2=1;P2_3=1;P2_4=1;break;
   9   2                      case 2:P2_2=1;P2_3=1;P2_4=0;break;
  10   2                      case 3:P2_2=1;P2_3=0;P2_4=1;break;
  11   2                      case 4:P2_2=1;P2_3=0;P2_4=0;break;
  12   2                      case 5:P2_2=0;P2_3=1;P2_4=1;break;
  13   2                      case 6:P2_2=0;P2_3=1;P2_4=0;break;
  14   2                      case 7:P2_2=0;P2_3=0;P2_4=1;break;
  15   2                      case 8:P2_2=0;P2_3=0;P2_4=0;break;
  16   2              }
  17   1              switch(number)
  18   1              {
  19   2                      case 0:P0=0x3F;break;
  20   2                      case 1:P0=0x06;break;
  21   2                      case 2:P0=0x5B;break;
  22   2                      case 3:P0=0x4F;break;
  23   2                      case 4:P0=0x66;break;
  24   2                      case 5:P0=0x6D;break;
  25   2                      case 6:P0=0x7D;break;
  26   2                      case 7:P0=0x07;break;
  27   2                      case 8:P0=0x7F;break;
  28   2                      case 9:P0=0x6F;break;
  29   2              }
  30   1      }


MODULE INFORMATION:   STATIC OVERLAYABLE
   CODE SIZE        =    174    ----
   CONSTANT SIZE    =   ----    ----
   XDATA SIZE       =   ----    ----
   PDATA SIZE       =   ----    ----
   DATA SIZE        =   ----    ----
   IDATA SIZE       =   ----    ----
   BIT SIZE         =   ----    ----
END OF MODULE INFORMATION.


C51 COMPILATION COMPLETE.  0 WARNING(S),  0 ERROR(S)
