C51 COMPILER V9.54   MAIN                                                                  03/08/2025 12:22:28 PAGE 1   


C51 COMPILER V9.54, COMPILATION OF MODULE MAIN
OBJECT MODULE PLACED IN .\Objects\main.obj
COMPILER INVOKED BY: F:\ApplicationFlies\Keil C51\C51\BIN\C51.EXE main.c OPTIMIZE(8,SPEED) BROWSE DEBUG OBJECTEXTEND PRI
                    -NT(.\Listings\main.lst) OBJECT(.\Objects\main.obj)

line level    source

   1          #include <REGX52.H>
   2          #include "LCDtools/lcd1602.h"
   3          #include <stdio.h>
   4          #include <stdlib.h>
   5          
   6          void main()
   7          {
   8   1              lcd1602_init();
   9   1              while(1)
  10   1              {
  11   2                      lcd1602_show_string(0,0,"Allen");
  12   2                      char a=itoa(1);
*** ERROR C141 IN LINE 12 OF main.c: syntax error near 'char'
*** ERROR C202 IN LINE 12 OF main.c: 'a': undefined identifier
  13   2              }
  14   1      }

C51 COMPILATION COMPLETE.  0 WARNING(S),  2 ERROR(S)
