C51 COMPILER V9.54   MAIN                                                                  03/27/2025 21:11:12 PAGE 1   


C51 COMPILER V9.54, COMPILATION OF MODULE MAIN
OBJECT MODULE PLACED IN .\Objects\main.obj
COMPILER INVOKED BY: F:\ApplicationFlies\Keil C51\C51\BIN\C51.EXE main.c OPTIMIZE(8,SPEED) BROWSE DEBUG OBJECTEXTEND PRI
                    -NT(.\Listings\main.lst) OBJECT(.\Objects\main.obj)

line level    source

   1          #include <REGX52.H>
   2          
   3          void Delay(unsigned char t)
   4          {
   5   1              while(t--);
   6   1      }
   7          
   8          void main()
   9          {
  10   1              unsigned char Time,a;
  11   1              P0=0xFF;
  12   1              while(1)
  13   1              {
  14   2                      for(Time=0;Time<200;Time++)
  15   2                      {
  16   3                              for(a=0;a<20;a++)
  17   3                              {
  18   4                                      P2_0=0;
  19   4                                      Delay(Time);
  20   4                                      P2_0=1;
  21   4                                      Delay(200-Time);
  22   4                              }
  23   3                      }
  24   2                      for(Time=0;Time<200;Time++)
  25   2                      {
  26   3                              for(a=0;a<20;a++)
  27   3                              {
  28   4                                      P2_0=1;
  29   4                                      Delay(Time);
  30   4                                      P2_0=0;
  31   4                                      Delay(200-Time);
  32   4                              }
  33   3                      }
  34   2              }
  35   1      }


MODULE INFORMATION:   STATIC OVERLAYABLE
   CODE SIZE        =     73    ----
   CONSTANT SIZE    =   ----    ----
   XDATA SIZE       =   ----    ----
   PDATA SIZE       =   ----    ----
   DATA SIZE        =   ----    ----
   IDATA SIZE       =   ----    ----
   BIT SIZE         =   ----    ----
END OF MODULE INFORMATION.


C51 COMPILATION COMPLETE.  0 WARNING(S),  0 ERROR(S)
