C51 COMPILER V9.54   MAIN                                                                  03/27/2025 21:23:28 PAGE 1   


C51 COMPILER V9.54, COMPILATION OF MODULE MAIN
OBJECT MODULE PLACED IN .\Objects\main.obj
COMPILER INVOKED BY: F:\ApplicationFlies\Keil C51\C51\BIN\C51.EXE main.c OPTIMIZE(8,SPEED) BROWSE DEBUG OBJECTEXTEND PRI
                    -NT(.\Listings\main.lst) OBJECT(.\Objects\main.obj)

line level    source

   1          #include <REGX52.H>
   2          #include "Key/Key.h"
   3          #include "timer.h"
   4          #include "Nixie.h"
   5          #include <REGX52.H>
   6          
   7          unsigned char counter=0;
   8          unsigned char object,speed;
   9          
  10          void main()
  11          {
  12   1              unsigned char keynum;
  13   1              timer0_init();
  14   1              speed=0;
  15   1              object=0;
  16   1              Nixie(1,speed);
  17   1              while(1)
  18   1              {
  19   2                      keynum=key();
  20   2                      if(keynum==1)
  21   2                      {
  22   3                              speed++;
  23   3                              if(speed>3)speed=0;
  24   3                              if(speed==0)object=0;
  25   3                              if(speed==1)object=40;
  26   3                              if(speed==2)object=100;
  27   3                              if(speed==3)object=200;
  28   3                      }
  29   2                      Nixie(1,speed);
  30   2              }
  31   1      }
  32          
  33          void Timer0_Routine() interrupt 1
  34          {
  35   1              TL0=0x9C;
  36   1              TH0=0xFF;//100us
  37   1              counter++;
  38   1              if(counter>200)counter==0;
*** WARNING C275 IN LINE 38 OF main.c: expression with possibly no effect
  39   1              if(counter>object)
  40   1                      P1_0=0;
  41   1              else
  42   1                      P1_0=1;
  43   1      }


MODULE INFORMATION:   STATIC OVERLAYABLE
   CODE SIZE        =    104    ----
   CONSTANT SIZE    =   ----    ----
   XDATA SIZE       =   ----    ----
   PDATA SIZE       =   ----    ----
   DATA SIZE        =      3    ----
   IDATA SIZE       =   ----    ----
   BIT SIZE         =   ----    ----
C51 COMPILER V9.54   MAIN                                                                  03/27/2025 21:23:28 PAGE 2   

END OF MODULE INFORMATION.


C51 COMPILATION COMPLETE.  1 WARNING(S),  0 ERROR(S)
