C51 COMPILER V9.54   TIMER                                                                 03/27/2025 12:34:32 PAGE 1   


C51 COMPILER V9.54, COMPILATION OF MODULE TIMER
OBJECT MODULE PLACED IN .\Objects\timer.obj
COMPILER INVOKED BY: F:\ApplicationFlies\Keil C51\C51\BIN\C51.EXE timer.c OPTIMIZE(8,SPEED) BROWSE DEBUG OBJECTEXTEND PR
                    -INT(.\Listings\timer.lst) OBJECT(.\Objects\timer.obj)

line level    source

   1          #include "timer.h"
   2          #include <REGX52.H>
   3          
   4          unsigned char temp;
   5          unsigned char ten_min='0';
   6          unsigned char min='0';
   7          unsigned char ten_sec='0';
   8          unsigned char sec='0';
   9          void timer0_init()
  10          {
  11   1              TMOD=0x01;//定时器工作模式
  12   1              TF0=0;
  13   1              TR0=1;
  14   1              TL0=0x18;
  15   1              TH0=0xFC;
  16   1              ET0=1;
  17   1              EA=1;
  18   1              PT0=0;
  19   1      }


MODULE INFORMATION:   STATIC OVERLAYABLE
   CODE SIZE        =     20    ----
   CONSTANT SIZE    =   ----    ----
   XDATA SIZE       =   ----    ----
   PDATA SIZE       =   ----    ----
   DATA SIZE        =      5    ----
   IDATA SIZE       =   ----    ----
   BIT SIZE         =   ----    ----
END OF MODULE INFORMATION.


C51 COMPILATION COMPLETE.  0 WARNING(S),  0 ERROR(S)
