C51 COMPILER V9.54   MAIN                                                                  09/26/2024 20:46:52 PAGE 1   


C51 COMPILER V9.54, COMPILATION OF MODULE MAIN
OBJECT MODULE PLACED IN .\Objects\main.obj
COMPILER INVOKED BY: F:\ApplicationFlies\Keil C51\C51\BIN\C51.EXE main.c OPTIMIZE(8,SPEED) BROWSE DEBUG OBJECTEXTEND PRI
                    -NT(.\Listings\main.lst) TABS(2) OBJECT(.\Objects\main.obj)

line level    source

   1          #include <STC89C5xRC.H>
   2          #include <INTRINS.H>
   3          void Delay500ms() //@11.0592MHz
   4          {
   5   1        unsigned char data i, j, k;
   6   1      
   7   1        _nop_();
   8   1        i = 4;
   9   1        j = 129;
  10   1        k = 119;
  11   1        do
  12   1        {
  13   2          do
  14   2          {
  15   3            while (--k);
  16   3          } while (--j);
  17   2        } while (--i);
  18   1      }
  19          
  20          
  21          void main()
  22          {
  23   1        while(1)
  24   1        {
  25   2          P2=0xFE;//1111 1110
  26   2          Delay500ms();
  27   2          P2=0xFF;//1111 1111 close
  28   2          Delay500ms();
  29   2          P2=0xFD;//1111 1101
  30   2          Delay500ms();
  31   2          P2=0xFF;//1111 1111 close
  32   2          Delay500ms();
  33   2          P2=0xFB;//1111 1011
  34   2          Delay500ms();
  35   2          P2=0xFF;//1111 1111 close
  36   2          Delay500ms();
  37   2          P2=0xF7;//1111 0111
  38   2          Delay500ms();
  39   2          P2=0xFF;//1111 1111 close
  40   2          Delay500ms();
  41   2          P2=0xEF;//1110 1111
  42   2          Delay500ms();
  43   2          P2=0xFF;//1111 1111 close
  44   2          Delay500ms();
  45   2          P2=0xDF;//1101 1111
  46   2          Delay500ms();
  47   2          P2=0xFF;//1111 1111 close
  48   2          Delay500ms();
  49   2          P2=0xBF;//1011 1111
  50   2          Delay500ms();
  51   2          P2=0xFF;//1111 1111 close
  52   2          Delay500ms();
  53   2          P2=0x7F;//0111 1111
  54   2          Delay500ms();
C51 COMPILER V9.54   MAIN                                                                  09/26/2024 20:46:52 PAGE 2   

  55   2          P2=0xFF;//1111 1111 close
  56   2          Delay500ms();
  57   2        }
  58   1      }


MODULE INFORMATION:   STATIC OVERLAYABLE
   CODE SIZE        =     70    ----
   CONSTANT SIZE    =   ----    ----
   XDATA SIZE       =   ----    ----
   PDATA SIZE       =   ----    ----
   DATA SIZE        =   ----    ----
   IDATA SIZE       =   ----    ----
   BIT SIZE         =   ----    ----
END OF MODULE INFORMATION.


C51 COMPILATION COMPLETE.  0 WARNING(S),  0 ERROR(S)
