C51 COMPILER V9.54   LEDCONTROL                                                            03/12/2025 20:53:22 PAGE 1   


C51 COMPILER V9.54, COMPILATION OF MODULE LEDCONTROL
OBJECT MODULE PLACED IN .\Objects\LEDcontrol.obj
COMPILER INVOKED BY: F:\ApplicationFlies\Keil C51\C51\BIN\C51.EXE LEDcontrol.c OPTIMIZE(8,SPEED) BROWSE DEBUG OBJECTEXTE
                    -ND PRINT(.\Listings\LEDcontrol.lst) OBJECT(.\Objects\LEDcontrol.obj)

line level    source

   1          #include <REGX52.H>
   2          #include "LEDcontrol.h"
   3          
   4          void control_LED(unsigned char num)
   5          {
   6   1              P2=num;
   7   1      }


MODULE INFORMATION:   STATIC OVERLAYABLE
   CODE SIZE        =      3    ----
   CONSTANT SIZE    =   ----    ----
   XDATA SIZE       =   ----    ----
   PDATA SIZE       =   ----    ----
   DATA SIZE        =   ----    ----
   IDATA SIZE       =   ----    ----
   BIT SIZE         =   ----    ----
END OF MODULE INFORMATION.


C51 COMPILATION COMPLETE.  0 WARNING(S),  0 ERROR(S)
