C51 COMPILER V9.54   MAIN                                                                  03/12/2025 20:53:22 PAGE 1   


C51 COMPILER V9.54, COMPILATION OF MODULE MAIN
OBJECT MODULE PLACED IN .\Objects\main.obj
COMPILER INVOKED BY: F:\ApplicationFlies\Keil C51\C51\BIN\C51.EXE main.c OPTIMIZE(8,SPEED) BROWSE DEBUG OBJECTEXTEND PRI
                    -NT(.\Listings\main.lst) OBJECT(.\Objects\main.obj)

line level    source

   1          #include <REGX52.H>
   2          #include "UARTmessage.h"
   3          #include "LEDcontrol.h"
   4          
   5          void main(void)
   6          {
   7   1              UART_init();
   8   1              while(1);
   9   1      }
  10          
  11          void UART_Rountine() interrupt 4
  12          {
  13   1              if(RI==1)
  14   1              {
  15   2                      control_LED(~SBUF);
  16   2                      RI=0;
  17   2                      UART_Send(SBUF);
  18   2              }
  19   1      }


MODULE INFORMATION:   STATIC OVERLAYABLE
   CODE SIZE        =     78    ----
   CONSTANT SIZE    =   ----    ----
   XDATA SIZE       =   ----    ----
   PDATA SIZE       =   ----    ----
   DATA SIZE        =   ----    ----
   IDATA SIZE       =   ----    ----
   BIT SIZE         =   ----    ----
END OF MODULE INFORMATION.


C51 COMPILATION COMPLETE.  0 WARNING(S),  0 ERROR(S)
