C51 COMPILER V9.54   MAIN                                                                  03/08/2025 15:41:06 PAGE 1   


C51 COMPILER V9.54, COMPILATION OF MODULE MAIN
OBJECT MODULE PLACED IN .\Objects\main.obj
COMPILER INVOKED BY: F:\ApplicationFlies\Keil C51\C51\BIN\C51.EXE main.c OPTIMIZE(8,SPEED) BROWSE DEBUG OBJECTEXTEND PRI
                    -NT(.\Listings\main.lst) OBJECT(.\Objects\main.obj)

line level    source

   1          #include <REGX52.H>
   2          #include "LCDtools/lcd1602.h"
   3          #include "Matrixkey.h"
   4          
   5          void main()
   6          {
   7   1              unsigned char result;
   8   1              unsigned char times=1;
   9   1              unsigned char password[4]={'1','2','3','4'};
  10   1              unsigned char last[4]={'0','0','0','0'};
  11   1              lcd1602_init();//初始化
  12   1              lcd1602_show_string(0,0,"Password:");
  13   1              lcd1602_show_string(0,1,"0000");
  14   1              while(1)
  15   1              {   //反复检测矩阵键盘是否有输入
  16   2                      result=Matrixkey();//拿到矩阵键盘的输入结果
  17   2                      if(result!=11
  18   2                              &&result!=12
  19   2                              &&result!=13)//当按下显示数字的按钮后
  20   2                      {
  21   3                              step(last,result,&times);
  22   3                              lcd1602_show_string(0,1,last);//输出数字
  23   3                      }
  24   2                      if(result==12)
  25   2                      {
  26   3                              if(last[0]==password[0]&&last[1]==password[1]&&last[2]==password[2]&&last[3]==password[3])
  27   3                                      lcd1602_show_string(14,0,"ok");
  28   3                              else
  29   3                                      lcd1602_show_string(14,0,"no");
  30   3                      }
  31   2                      if(result==13)
  32   2                      {
  33   3                              times=1;
  34   3                              lcd1602_show_string(0,1,"0000");
  35   3                              last[0]=last[1]=last[2]=last[3]='0';
  36   3                              lcd1602_show_string(14,0,"  ");
  37   3                      }
  38   2              }
  39   1      }


MODULE INFORMATION:   STATIC OVERLAYABLE
   CODE SIZE        =    221    ----
   CONSTANT SIZE    =     32    ----
   XDATA SIZE       =   ----    ----
   PDATA SIZE       =   ----    ----
   DATA SIZE        =   ----      10
   IDATA SIZE       =   ----    ----
   BIT SIZE         =   ----    ----
END OF MODULE INFORMATION.


C51 COMPILATION COMPLETE.  0 WARNING(S),  0 ERROR(S)
