C51 COMPILER V9.54   MATRIXKEY                                                             03/08/2025 15:30:48 PAGE 1   


C51 COMPILER V9.54, COMPILATION OF MODULE MATRIXKEY
OBJECT MODULE PLACED IN .\Objects\Matrixkey.obj
COMPILER INVOKED BY: F:\ApplicationFlies\Keil C51\C51\BIN\C51.EXE Matrixkey.c OPTIMIZE(8,SPEED) BROWSE DEBUG OBJECTEXTEN
                    -D PRINT(.\Listings\Matrixkey.lst) OBJECT(.\Objects\Matrixkey.obj)

line level    source

   1          #include "Matrixkey.h"
   2          #include <REGX52.H>
   3          unsigned char k;
   4          
   5          void Delay20ms(void)    //@11.0592MHz
   6          {
   7   1              unsigned char data i, j;
   8   1      
   9   1              i = 216;
  10   1              j = 37;
  11   1              do
  12   1              {
  13   2                      while (--j);
  14   2              } while (--i);
  15   1      }
  16          
  17          void step(unsigned char* last,unsigned char num,unsigned char* times)
  18          {
  19   1              if(*times==4)
  20   1                      *times=1;
  21   1              else
  22   1                      *times++;
*** WARNING C275 IN LINE 22 OF Matrixkey.c: expression with possibly no effect
  23   1              
  24   1              for(k=1;k<4;k++)
  25   1              {
  26   2                      last[k-1]=last[k];
  27   2              }
  28   1              last[3]=num;
  29   1      }
  30          
  31          unsigned char Matrixkey()
  32          {
  33   1              P1=0xFF;
  34   1              P1_7=0;
  35   1              if(P1_3==0)
  36   1              {
  37   2                      Delay20ms();
  38   2                      while(P1_3==0);
  39   2                      return '1';
  40   2              }
  41   1              if(P1_2==0)
  42   1              {
  43   2                      Delay20ms();
  44   2                      while(P1_2==0);
  45   2                      return '2';
  46   2              }
  47   1              if(P1_1==0)
  48   1              {
  49   2                      Delay20ms();
  50   2                      while(P1_1==0);
  51   2                      return '3';
  52   2              }
  53   1              if(P1_0==0)
C51 COMPILER V9.54   MATRIXKEY                                                             03/08/2025 15:30:48 PAGE 2   

  54   1              {
  55   2                      Delay20ms();
  56   2                      while(P1_0==0);
  57   2                      return '4';
  58   2              }
  59   1              P1=0xFF;
  60   1              P1_6=0;
  61   1              if(P1_3==0)
  62   1              {
  63   2                      Delay20ms();
  64   2                      while(P1_3==0);
  65   2                      return '5';
  66   2              }
  67   1              if(P1_2==0)
  68   1              {
  69   2                      Delay20ms();
  70   2                      while(P1_2==0);
  71   2                      return '6';
  72   2              }
  73   1              if(P1_1==0)
  74   1              {
  75   2                      Delay20ms();
  76   2                      while(P1_1==0);
  77   2                      return '7';
  78   2              }
  79   1              if(P1_0==0)
  80   1              {
  81   2                      Delay20ms();
  82   2                      while(P1_0==0);
  83   2                      return '8';
  84   2              }
  85   1              P1=0xFF;
  86   1              P1_5=0;
  87   1              if(P1_3==0)
  88   1              {
  89   2                      Delay20ms();
  90   2                      while(P1_3==0);
  91   2                      return '9';
  92   2              }
  93   1              if(P1_2==0)
  94   1              {
  95   2                      Delay20ms();
  96   2                      while(P1_2==0);
  97   2                      return '0';
  98   2              }
  99   1              if(P1_1==0)
 100   1              {
 101   2                      Delay20ms();
 102   2                      while(P1_1==0);
 103   2                      return 12;
 104   2              }
 105   1              if(P1_0==0)
 106   1              {
 107   2                      Delay20ms();
 108   2                      while(P1_0==0);
 109   2                      return 13;
 110   2              }
 111   1              return 11;
 112   1      }


MODULE INFORMATION:   STATIC OVERLAYABLE
C51 COMPILER V9.54   MATRIXKEY                                                             03/08/2025 15:30:48 PAGE 3   

   CODE SIZE        =    266    ----
   CONSTANT SIZE    =   ----    ----
   XDATA SIZE       =   ----    ----
   PDATA SIZE       =   ----    ----
   DATA SIZE        =      1       7
   IDATA SIZE       =   ----    ----
   BIT SIZE         =   ----    ----
END OF MODULE INFORMATION.


C51 COMPILATION COMPLETE.  1 WARNING(S),  0 ERROR(S)
