C51 COMPILER V9.54   MAIN                                                                  03/16/2025 11:01:18 PAGE 1   


C51 COMPILER V9.54, COMPILATION OF MODULE MAIN
OBJECT MODULE PLACED IN .\Objects\main.obj
COMPILER INVOKED BY: F:\ApplicationFlies\Keil C51\C51\BIN\C51.EXE main.c OPTIMIZE(8,SPEED) BROWSE DEBUG OBJECTEXTEND PRI
                    -NT(.\Listings\main.lst) OBJECT(.\Objects\main.obj)

line level    source

   1          #include <REGX52.H>
   2          #include "HC595.h"
   3          
   4          void Delay1ms(void)     //@11.0592MHz
   5          {
   6   1              unsigned char data i, j;
   7   1              i = 5;
   8   1              j = 80;
   9   1              do
  10   1              {
  11   2                      while (--j);
  12   2              } while (--i);
  13   1      }
  14          
  15          void MatrixLED_showcolumn(unsigned char column,unsigned char val)
  16          {
  17   1              Write74HC595(val);
  18   1              if(column==1)
  19   1                      P0=~0x80;
  20   1              if(column==2)
  21   1                      P0=~0x40;
  22   1              if(column==3)
  23   1                      P0=~0x20;
  24   1              if(column==4)
  25   1                      P0=~0x10;
  26   1              if(column==5)
  27   1                      P0=~0x08;
  28   1              if(column==6)
  29   1                      P0=~0x04;
  30   1              if(column==7)
  31   1                      P0=~0x02;
  32   1              if(column==8)
  33   1                      P0=~0x01;
  34   1              Delay1ms();
  35   1              P0=~0x00;
  36   1      }
  37          
  38          void main()
  39          {
  40   1              unsigned char column=1;
  41   1              HC595_init();
  42   1              while(1)
  43   1              {
  44   2                      MatrixLED_showcolumn(1,0x3C);
  45   2                      MatrixLED_showcolumn(2,0x42);
  46   2                      MatrixLED_showcolumn(3,0xA9);
  47   2                      MatrixLED_showcolumn(4,0x85);
  48   2                      MatrixLED_showcolumn(5,0x85);
  49   2                      MatrixLED_showcolumn(6,0xA9);
  50   2                      MatrixLED_showcolumn(7,0x42);
  51   2                      MatrixLED_showcolumn(8,0x3C);
  52   2              }
  53   1      }

C51 COMPILER V9.54   MAIN                                                                  03/16/2025 11:01:18 PAGE 2   


MODULE INFORMATION:   STATIC OVERLAYABLE
   CODE SIZE        =    153    ----
   CONSTANT SIZE    =   ----    ----
   XDATA SIZE       =   ----    ----
   PDATA SIZE       =   ----    ----
   DATA SIZE        =   ----       2
   IDATA SIZE       =   ----    ----
   BIT SIZE         =   ----    ----
END OF MODULE INFORMATION.


C51 COMPILATION COMPLETE.  0 WARNING(S),  0 ERROR(S)
