C51 COMPILER V9.54   MAIN                                                                  03/08/2025 14:52:51 PAGE 1   


C51 COMPILER V9.54, COMPILATION OF MODULE MAIN
OBJECT MODULE PLACED IN .\Objects\main.obj
COMPILER INVOKED BY: F:\ApplicationFlies\Keil C51\C51\BIN\C51.EXE main.c OPTIMIZE(8,SPEED) BROWSE DEBUG OBJECTEXTEND PRI
                    -NT(.\Listings\main.lst) OBJECT(.\Objects\main.obj)

line level    source

   1          #include <REGX52.H>
   2          #include "LCDtools/lcd1602.h"
   3          #include "Matrixkey.h"
   4          
   5          void main()
   6          {
   7   1              unsigned char result;
   8   1              lcd1602_init();
   9   1              lcd1602_show_string(0,0,"HelloWorld");
  10   1              while(1)
  11   1              {
  12   2                      result=Matrixkey();//拿到矩阵键盘的输入结果
  13   2                      if(result!=11
  14   2                              &&result!=12
  15   2                              &&result!=13)//当按下显示数字的按钮后
  16   2                      {
  17   3                              lcd1602_clear();
  18   3                              lcd1602_show_string(0,0,&result);//输出数字
  19   3                      }
  20   2              }
  21   1      }


MODULE INFORMATION:   STATIC OVERLAYABLE
   CODE SIZE        =     55    ----
   CONSTANT SIZE    =     11    ----
   XDATA SIZE       =   ----    ----
   PDATA SIZE       =   ----    ----
   DATA SIZE        =   ----       1
   IDATA SIZE       =   ----    ----
   BIT SIZE         =   ----    ----
END OF MODULE INFORMATION.


C51 COMPILATION COMPLETE.  0 WARNING(S),  0 ERROR(S)
