C51 COMPILER V9.54   MATRIXKEY                                                             03/08/2025 14:44:38 PAGE 1   


C51 COMPILER V9.54, COMPILATION OF MODULE MATRIXKEY
OBJECT MODULE PLACED IN .\Objects\Matrixkey.obj
COMPILER INVOKED BY: F:\ApplicationFlies\Keil C51\C51\BIN\C51.EXE Matrixkey.c OPTIMIZE(8,SPEED) BROWSE DEBUG OBJECTEXTEN
                    -D PRINT(.\Listings\Matrixkey.lst) OBJECT(.\Objects\Matrixkey.obj)

line level    source

   1          #include "Matrixkey.h"
   2          #include <REGX52.H>
   3          
   4          void Delay20ms(void)    //@11.0592MHz
   5          {
   6   1              unsigned char data i, j;
   7   1      
   8   1              i = 216;
   9   1              j = 37;
  10   1              do
  11   1              {
  12   2                      while (--j);
  13   2              } while (--i);
  14   1      }
  15          
  16          unsigned char Matrixkey()
  17          {
  18   1              P1=0xFF;
  19   1              P1_7=0;
  20   1              if(P1_3==0)
  21   1              {
  22   2                      Delay20ms();
  23   2                      while(P1_3==0);
  24   2                      return '1';
  25   2              }
  26   1              if(P1_2==0)
  27   1              {
  28   2                      Delay20ms();
  29   2                      while(P1_2==0);
  30   2                      return '2';
  31   2              }
  32   1              if(P1_1==0)
  33   1              {
  34   2                      Delay20ms();
  35   2                      while(P1_1==0);
  36   2                      return '3';
  37   2              }
  38   1              if(P1_0==0)
  39   1              {
  40   2                      Delay20ms();
  41   2                      while(P1_0==0);
  42   2                      return '4';
  43   2              }
  44   1              P1=0xFF;
  45   1              P1_6=0;
  46   1              if(P1_3==0)
  47   1              {
  48   2                      Delay20ms();
  49   2                      while(P1_3==0);
  50   2                      return '5';
  51   2              }
  52   1              if(P1_2==0)
  53   1              {
  54   2                      Delay20ms();
C51 COMPILER V9.54   MATRIXKEY                                                             03/08/2025 14:44:38 PAGE 2   

  55   2                      while(P1_2==0);
  56   2                      return '6';
  57   2              }
  58   1              if(P1_1==0)
  59   1              {
  60   2                      Delay20ms();
  61   2                      while(P1_1==0);
  62   2                      return '7';
  63   2              }
  64   1              if(P1_0==0)
  65   1              {
  66   2                      Delay20ms();
  67   2                      while(P1_0==0);
  68   2                      return '8';
  69   2              }
  70   1              P1=0xFF;
  71   1              P1_5=0;
  72   1              if(P1_3==0)
  73   1              {
  74   2                      Delay20ms();
  75   2                      while(P1_3==0);
  76   2                      return '9';
  77   2              }
  78   1              if(P1_2==0)
  79   1              {
  80   2                      Delay20ms();
  81   2                      while(P1_2==0);
  82   2                      return '0';
  83   2              }
  84   1              if(P1_1==0)
  85   1              {
  86   2                      Delay20ms();
  87   2                      while(P1_1==0);
  88   2                      return 12;
  89   2              }
  90   1              if(P1_0==0)
  91   1              {
  92   2                      Delay20ms();
  93   2                      while(P1_0==0);
  94   2                      return 13;
  95   2              }
  96   1              return 11;
  97   1      }


MODULE INFORMATION:   STATIC OVERLAYABLE
   CODE SIZE        =    171    ----
   CONSTANT SIZE    =   ----    ----
   XDATA SIZE       =   ----    ----
   PDATA SIZE       =   ----    ----
   DATA SIZE        =   ----    ----
   IDATA SIZE       =   ----    ----
   BIT SIZE         =   ----    ----
END OF MODULE INFORMATION.


C51 COMPILATION COMPLETE.  0 WARNING(S),  0 ERROR(S)
