C51 COMPILER V9.54   I2C                                                                   03/23/2025 16:04:55 PAGE 1   


C51 COMPILER V9.54, COMPILATION OF MODULE I2C
OBJECT MODULE PLACED IN .\Objects\I2C.obj
COMPILER INVOKED BY: F:\ApplicationFlies\Keil C51\C51\BIN\C51.EXE I2C.c OPTIMIZE(8,SPEED) BROWSE DEBUG OBJECTEXTEND PRIN
                    -T(.\Listings\I2C.lst) OBJECT(.\Objects\I2C.obj)

line level    source

   1          #include "I2C.h"
   2          #include <REGX52.H>
   3          
   4          sbit SCL=P2^1;
   5          sbit SDA=P2^0;
   6          
   7          void I2C_init()
   8          {
   9   1              SDA=1;
  10   1              SCL=1;
  11   1      }
  12          
  13          void I2C_start()
  14          {
  15   1              I2C_init();
  16   1              SDA=0;
  17   1              SCL=0;
  18   1      }
  19          
  20          void I2C_stop()
  21          {
  22   1              SDA=0;
  23   1              SCL=1;
  24   1              SDA=1;
  25   1      }
  26          
  27          void I2C_send(unsigned char val)
  28          {
  29   1              unsigned char i;
  30   1              for(i=0;i<8;i++)//传送八位数据
  31   1              {
  32   2                      SDA=val&(0x80>>i);
  33   2                      SCL=1;
  34   2                      SCL=0;
  35   2              }
  36   1      }
  37          
  38          unsigned char I2C_get()
  39          {
  40   1              unsigned char val,i;
  41   1              val=0x00;
  42   1              SDA=1;//SDA控制权交给从机
  43   1              for(i=0;i<8;i++)
  44   1              {
  45   2                      SCL=1;
  46   2                      if(SDA)
  47   2                              val|=(0x80>>i);//读取每一位
  48   2                      SCL=0;
  49   2              }
  50   1      }
*** WARNING C173 IN LINE 50 OF I2C.c: missing return-expression
  51          
  52          void I2C_sendack(bit ack)
  53          {
C51 COMPILER V9.54   I2C                                                                   03/23/2025 16:04:55 PAGE 2   

  54   1              SDA=ack;
  55   1              SCL=1;
  56   1              SCL=0;
  57   1      }
  58          
  59          bit I2C_getack()
  60          {
  61   1              bit ack;
  62   1              SDA=1;
  63   1              SCL=1;
  64   1              ack=SDA;
  65   1              SCL=0;
  66   1              return ack;
  67   1      }
*** WARNING C290 IN LINE 50 OF I2C.c: missing return value


MODULE INFORMATION:   STATIC OVERLAYABLE
   CODE SIZE        =    113    ----
   CONSTANT SIZE    =   ----    ----
   XDATA SIZE       =   ----    ----
   PDATA SIZE       =   ----    ----
   DATA SIZE        =   ----    ----
   IDATA SIZE       =   ----    ----
   BIT SIZE         =   ----       2
END OF MODULE INFORMATION.


C51 COMPILATION COMPLETE.  2 WARNING(S),  0 ERROR(S)
