C51 COMPILER V9.54   MAIN                                                                  03/23/2025 22:40:44 PAGE 1   


C51 COMPILER V9.54, COMPILATION OF MODULE MAIN
OBJECT MODULE PLACED IN .\Objects\main.obj
COMPILER INVOKED BY: F:\ApplicationFlies\Keil C51\C51\BIN\C51.EXE main.c OPTIMIZE(8,SPEED) BROWSE DEBUG OBJECTEXTEND PRI
                    -NT(.\Listings\main.lst) OBJECT(.\Objects\main.obj)

line level    source

   1          #include <REGX52.H>
   2          #include "Key/Key.h"
   3          #include "Public/public.h"
   4          #include "LCDtools/lcd1602.h"
   5          #include "AT24C02.h"
   6          
   7          void Delay5ms(void)     //@11.0592MHz
   8          {
   9   1              unsigned char data i, j;
  10   1      
  11   1              i = 54;
  12   1              j = 199;
  13   1              do
  14   1              {
  15   2                      while (--j);
  16   2              } while (--i);
  17   1      }
  18          
  19          void Delay300ms(void)   //@11.0592MHz
  20          {
  21   1              unsigned char data i, j, k;
  22   1      
  23   1              i = 22;
  24   1              j = 3;
  25   1              k = 127;
  26   1              do
  27   1              {
  28   2                      do
  29   2                      {
  30   3                              while (--k);
  31   3                      } while (--j);
  32   2              } while (--i);
  33   1      }
  34          
  35          void main()
  36          {
  37   1              unsigned char keynum,num;
  38   1              num=0;
  39   1              lcd1602_init();
  40   1              lcd1602_show_unsigned_char(0,0,num);
  41   1              while(1)
  42   1              {
  43   2                      keynum=key();
  44   2                      switch(keynum)
  45   2                      {
  46   3                              case 1:if(num==255)num==0;
*** WARNING C275 IN LINE 46 OF main.c: expression with possibly no effect
  47   3                                         num++;
  48   3                                         lcd1602_show_unsigned_char(0,0,num);
  49   3                                         break;
  50   3                              case 2:if(num==0)num=255;
  51   3                                         num--;
  52   3                                         lcd1602_show_unsigned_char(0,0,num);
  53   3                                         break;
C51 COMPILER V9.54   MAIN                                                                  03/23/2025 22:40:44 PAGE 2   

  54   3                              case 3:AT24C02_Write(1,num);
  55   3                                         lcd1602_show_string(0,0,"stored");
  56   3                                         Delay300ms();
  57   3                                     lcd1602_clear();
  58   3                                         lcd1602_show_unsigned_char(0,0,num);
  59   3                                     Delay5ms();
  60   3                                         break;
  61   3                              case 4:num=AT24C02_Read(1);
  62   3                                     lcd1602_show_string(0,0,"read");
  63   3                                         Delay300ms();
  64   3                                         lcd1602_clear();
  65   3                                     lcd1602_show_unsigned_char(0,0,num);
  66   3                                     Delay5ms();
  67   3                                     AT24C02_Write(1,num);
  68   3                                     Delay5ms();
  69   3                                         break;
  70   3                      }
  71   2              }
  72   1      }


MODULE INFORMATION:   STATIC OVERLAYABLE
   CODE SIZE        =    157    ----
   CONSTANT SIZE    =     12    ----
   XDATA SIZE       =   ----    ----
   PDATA SIZE       =   ----    ----
   DATA SIZE        =   ----       1
   IDATA SIZE       =   ----    ----
   BIT SIZE         =   ----    ----
END OF MODULE INFORMATION.


C51 COMPILATION COMPLETE.  1 WARNING(S),  0 ERROR(S)
