C51 COMPILER V9.54   MAIN                                                                  03/19/2025 13:59:44 PAGE 1   


C51 COMPILER V9.54, COMPILATION OF MODULE MAIN
OBJECT MODULE PLACED IN .\Objects\main.obj
COMPILER INVOKED BY: F:\ApplicationFlies\Keil C51\C51\BIN\C51.EXE main.c OPTIMIZE(8,SPEED) BROWSE DEBUG OBJECTEXTEND PRI
                    -NT(.\Listings\main.lst) OBJECT(.\Objects\main.obj)

line level    source

   1          #include <REGX52.H>
   2          
   3          #define L1 0
   4          #define L1_ 1
   5          #define L2 2
   6          #define L2_ 3
   7          #define L3 4
   8          #define L4 5
   9          #define L4_ 6
  10          #define L5 7
  11          #define L5_ 8
  12          #define L6 9
  13          #define L6_ 10
  14          #define L7 11
  15          
  16          #define M1 12
  17          #define M1_ 13
  18          #define M2 14
  19          #define M2_ 15
  20          #define M3 16
  21          #define M4 17
  22          #define M4_ 18
  23          #define M5 19
  24          #define M5_ 20
  25          #define M6 21
  26          #define M6_ 22
  27          #define M7 23
  28          
  29          #define H1 24
  30          #define H1_ 25
  31          #define H2 26
  32          #define H2_ 27
  33          #define H3 28
  34          #define H4 29
  35          #define H4_ 30
  36          #define H5 31
  37          #define H5_ 32
  38          #define H6 33
  39          #define H6_ 34
  40          #define H7 35
  41          
  42          sbit Buzzer=P2^5;
  43          code unsigned int Freq[]={63628,63731,63835,63928,64021,64103,64185,64260,64331,64400,64463,64528,
  44                                               64580,64633,64684,64732,64777,64820,64860,64898,64934,64968,65000,65030,
  45                               65058,65085,65110,65134,65157,65178,65198,65217,65235,65252,65268,65283,0};
  46          
  47          code unsigned char Music[]={M5,H2,H1,M3,H1,H2,H3,H2,H1,H2,
  48                                                     M5,H2,H1,M3,H1,H2,H3,H2,H1,H2,
  49                                                     M5,H2,H1,M3,H1,H2,H3,H2,H1,H2,
  50                                                     M5,H2,H1,M3,H1,H3,H5,
  51                                                     H6,H5,36,H1,
  52                                                     H2,H2,H1,H3,36,H3,H5,
  53                                                     H6,H7,H6,H5,H3,H2,H2,H1,
  54                                                     H2,H2,H3,H1,36,H1,H3,H5};
C51 COMPILER V9.54   MAIN                                                                  03/19/2025 13:59:44 PAGE 2   

  55          code unsigned char times[]={2,2,2,4,1,1,1,1,1,1,
  56                                                     2,2,2,4,1,1,1,1,1,1,
  57                                                     2,2,2,4,1,1,1,1,1,1,
  58                                                     2,2,2,4,2,2,2,
  59                                                     4,4,4,4,
  60                                                     2,2,2,4,2,1,1,
  61                                                     2,2,2,2,2,2,2,2,
  62                                                     2,2,2,4,1,1,1,1};
  63          unsigned char select;
  64          
  65          //1ms
  66          void Timer0_Init(void)          //1??@11.0592MHz
  67          {
  68   1              TMOD &= 0xF0;
  69   1              TMOD |= 0x01;                   //???????
  70   1              TL0 = 0x18;                             //???????
  71   1              TH0 = 0xFC;                             //???????
  72   1              TF0 = 0;                                //??TF0??
  73   1              TR0 = 1;                                //???0????
  74   1              ET0=1;
  75   1              EA=1;
  76   1              PT0=0;
  77   1      }
  78          
  79          void Timer0_Routine() interrupt 1
  80          {
  81   1              TL0=Freq[Music[select]]%256;
  82   1              TH0=Freq[Music[select]]/256;
  83   1              if(Freq[Music[select]])
  84   1              {
  85   2                      Buzzer=~Buzzer;
  86   2              }
  87   1      }
  88          
  89          void Delay5ms(void)     //@11.0592MHz
  90          {
  91   1              unsigned char i, j;
  92   1      
  93   1              i = 54;
  94   1              j = 199;
  95   1              do
  96   1              {
  97   2                      while (--j);
  98   2              } while (--i);
  99   1      }
 100          
 101          void Delay31ms(unsigned char time)      //@11.0592MHz
 102          {
 103   1              unsigned char data i, j, k,h;
 104   1      
 105   1              for(h=0;h<time;h++)
 106   1              {
 107   2                      i = 2;
 108   2                      j = 78;
 109   2                      k = 121;
 110   2                      do
 111   2                      {
 112   3                              do
 113   3                              {
 114   4                                      while (--k);
 115   4                              } while (--j);
 116   3                      } while (--i);
C51 COMPILER V9.54   MAIN                                                                  03/19/2025 13:59:44 PAGE 3   

 117   2              }
 118   1      }
 119          
 120          
 121          void main()
 122          {
 123   1              select=0;
 124   1              Timer0_Init();
 125   1              while(1)
 126   1              {
 127   2                      Delay31ms(times[select]);
 128   2                      select++;
 129   2                      TR0=0;
 130   2                      Delay5ms();
 131   2                      TR0=1;
 132   2              }
 133   1      }


MODULE INFORMATION:   STATIC OVERLAYABLE
   CODE SIZE        =    162    ----
   CONSTANT SIZE    =    202    ----
   XDATA SIZE       =   ----    ----
   PDATA SIZE       =   ----    ----
   DATA SIZE        =      1    ----
   IDATA SIZE       =   ----    ----
   BIT SIZE         =   ----    ----
END OF MODULE INFORMATION.


C51 COMPILATION COMPLETE.  0 WARNING(S),  0 ERROR(S)
