C51 COMPILER V9.54   MAIN                                                                  03/18/2025 18:10:31 PAGE 1   


C51 COMPILER V9.54, COMPILATION OF MODULE MAIN
OBJECT MODULE PLACED IN .\Objects\main.obj
COMPILER INVOKED BY: F:\ApplicationFlies\Keil C51\C51\BIN\C51.EXE main.c OPTIMIZE(8,SPEED) BROWSE DEBUG OBJECTEXTEND PRI
                    -NT(.\Listings\main.lst) OBJECT(.\Objects\main.obj)

line level    source

   1          #include <REGX52.H>
   2          #include "Key/Key.h"
   3          #include "LCDtools/lcd1602.h"
   4          #include "DS1302/DS1302.h"
   5          
   6          unsigned char time[]={25,2,3,18,13,12,02};
   7          unsigned char timegot[]={25,2,3,18,13,12,31};
   8          bit Mode;
   9          
  10          void Timeshow()
  11          {
  12   1              Readtime(timegot);
  13   1              lcd1602_show_string(6,0,"20");
  14   1              lcd1602_show_unsigned_char_time(8,0,timegot[0]);
  15   1              lcd1602_show_string(10,0,"/");
  16   1              lcd1602_show_unsigned_char_time(11,0,timegot[2]);
  17   1              lcd1602_show_string(13,0,"/");
  18   1              lcd1602_show_unsigned_char_time(14,0,timegot[3]);
  19   1              lcd1602_show_unsigned_char_time(0,1,timegot[4]);
  20   1              lcd1602_show_string(2,1,":");
  21   1              lcd1602_show_unsigned_char_time(3,1,timegot[5]);
  22   1              lcd1602_show_string(5,1,":");
  23   1              lcd1602_show_unsigned_char_time(6,1,timegot[6]);
  24   1              if(timegot[1]==1)
  25   1                      lcd1602_show_string(9,1,"Mon");
  26   1              if(timegot[1]==2)
  27   1                      lcd1602_show_string(9,1,"Tues");
  28   1              if(timegot[1]==3)
  29   1                      lcd1602_show_string(9,1,"Wed");
  30   1              if(timegot[1]==4)
  31   1                      lcd1602_show_string(9,1,"THURS");
  32   1              if(timegot[1]==5)
  33   1                      lcd1602_show_string(9,1,"FRI");
  34   1              if(timegot[1]==6)
  35   1                      lcd1602_show_string(9,1,"SAT");
  36   1              if(timegot[1]==7)
  37   1                      lcd1602_show_string(9,1,"SUN");
  38   1      }
  39          
  40          void staticTimeshow(unsigned char timeset,bit light)
  41          {
  42   1              if(light==1||timeset!=5)
  43   1              {
  44   2                      lcd1602_show_string(6,0,"20");
  45   2                      lcd1602_show_unsigned_char_time(8,0,timegot[0]);
  46   2              }
  47   1              lcd1602_show_string(10,0,"/");
  48   1              if(light==1||timeset!=4)
  49   1              {
  50   2                      lcd1602_show_unsigned_char_time(11,0,timegot[2]);
  51   2              }
  52   1              lcd1602_show_string(13,0,"/");
  53   1              if(light==1||timeset!=3)
  54   1              {
C51 COMPILER V9.54   MAIN                                                                  03/18/2025 18:10:31 PAGE 2   

  55   2                      lcd1602_show_unsigned_char_time(14,0,timegot[3]);
  56   2              }
  57   1              if(light==1||timeset!=2)
  58   1              {
  59   2                      lcd1602_show_unsigned_char_time(0,1,timegot[4]);
  60   2              }
  61   1              lcd1602_show_string(2,1,":");
  62   1              if(light==1||timeset!=1)
  63   1              {
  64   2                      lcd1602_show_unsigned_char_time(3,1,timegot[5]);
  65   2              }
  66   1              lcd1602_show_string(5,1,":");
  67   1              if(light==1||timeset!=0)
  68   1              {
  69   2                      lcd1602_show_unsigned_char_time(6,1,timegot[6]);
  70   2              }
  71   1              if(light==1||timeset!=6)
  72   1              {
  73   2                      if(timegot[1]==1)
  74   2                              lcd1602_show_string(9,1,"Mon");
  75   2                      if(timegot[1]==2)
  76   2                              lcd1602_show_string(9,1,"Tues");
  77   2                      if(timegot[1]==3)
  78   2                              lcd1602_show_string(9,1,"Wed");
  79   2                      if(timegot[1]==4)
  80   2                              lcd1602_show_string(9,1,"THURS");
  81   2                      if(timegot[1]==5)
  82   2                              lcd1602_show_string(9,1,"FRI");
  83   2                      if(timegot[1]==6)
  84   2                              lcd1602_show_string(9,1,"SAT");
  85   2                      if(timegot[1]==7)
  86   2                              lcd1602_show_string(9,1,"SUN");
  87   2              }
  88   1              if(light==0)
  89   1              {
  90   2                      if(timeset==0)
  91   2                      {
  92   3                              lcd1602_show_string(6,1,"  ");
  93   3                      }
  94   2                      else if(timeset==1)
  95   2                      {
  96   3                              lcd1602_show_string(3,1,"  ");
  97   3                      }
  98   2                      else if(timeset==2)
  99   2                      {
 100   3                              lcd1602_show_string(0,1,"  ");
 101   3                      }
 102   2                      else if(timeset==3)
 103   2                      {
 104   3                              lcd1602_show_string(14,0,"  ");
 105   3                      }
 106   2                      else if(timeset==4)
 107   2                      {
 108   3                              lcd1602_show_string(11,0,"  ");
 109   3                      }
 110   2                      else if(timeset==5)
 111   2                      {
 112   3                              lcd1602_show_string(6,0,"    ");
 113   3                      }
 114   2                      else if(timeset==6)
 115   2                      {
 116   3                              lcd1602_show_string(9,1,"     ");
C51 COMPILER V9.54   MAIN                                                                  03/18/2025 18:10:31 PAGE 3   

 117   3                      }
 118   2              }
 119   1      }
 120          
 121          void Timeset()//时间设置功能
 122          {
 123   1              unsigned char keynum,count,timeset=0;
 124   1              bit light=1;
 125   1              Readtime(timegot);
 126   1              while(1)
 127   1              {
 128   2                      count++;
 129   2                      if(count>4)
 130   2                      {
 131   3                              count=0;
 132   3                              light=~light;
 133   3                      }
 134   2                      staticTimeshow(timeset,light);
 135   2                      keynum=key();
 136   2                      if(keynum==1)//设置完时间后切换为时间显示模式
 137   2                      {
 138   3                              Mode=~Mode;
 139   3                              Writetime(timegot);
 140   3                              return;
 141   3                      }
 142   2                      if(keynum==2)
 143   2                      {
 144   3                              timeset++;
 145   3                              if(timeset>6)timeset=0;
 146   3                      }
 147   2                      if(keynum==3)
 148   2                      {
 149   3                              switch(timeset)
 150   3                              {
 151   4                                      case 0:timegot[6]++;break;//秒+1
 152   4                                      case 1:timegot[5]++;break;//分+1
 153   4                                      case 2:timegot[4]++;break;//时+1
 154   4                                      case 3:timegot[3]++;break;//日+1
 155   4                                      case 4:timegot[2]++;break;//月+1
 156   4                                      case 5:timegot[0]++;break;//年+1
 157   4                                      case 6:timegot[1]++;break;//星期+1
 158   4                              }
 159   3                              if(timegot[0]>99)timegot[0]=0;
 160   3                              if(timegot[1]>7)timegot[1]=1;
 161   3                              if(timegot[2]>12)timegot[2]=1;
 162   3                              
 163   3                              if(timegot[2]==2&&timegot[0]%4==0)
 164   3                              {
 165   4                                      if(timegot[3]>29)timegot[3]=1;
 166   4                              }
 167   3                              else if(timegot[2]==2)
 168   3                              {
 169   4                                      if(timegot[3]>28)timegot[3]=1;
 170   4                              }
 171   3                              else if(timegot[2]==4||timegot[2]==6||timegot[2]==9||timegot[2]==11)
 172   3                              {
 173   4                                      if(timegot[3]>30)timegot[3]=1;
 174   4                              }
 175   3                              else
 176   3                              {
 177   4                                      if(timegot[3]>31)timegot[3]=1;
 178   4                              }
C51 COMPILER V9.54   MAIN                                                                  03/18/2025 18:10:31 PAGE 4   

 179   3                              
 180   3                              if(timegot[4]>23)timegot[4]=0;
 181   3                              if(timegot[5]>59)timegot[5]=0;
 182   3                              if(timegot[6]>59)timegot[6]=0;
 183   3                      }
 184   2                      if(keynum==4)
 185   2                      {
 186   3                              if(timegot[0]==0)timegot[0]=100;
 187   3                              
 188   3                              if(timegot[4]==0)timegot[4]=24;
 189   3                              if(timegot[5]==0)timegot[5]=60;
 190   3                              if(timegot[6]==0)timegot[6]=60;
 191   3                              
 192   3                              switch(timeset)
 193   3                              {
 194   4                                      case 0:timegot[6]--;break;//秒-1
 195   4                                      case 1:timegot[5]--;break;//分-1
 196   4                                      case 2:timegot[4]--;break;//时-1
 197   4                                      case 3:timegot[3]--;break;//日-1
 198   4                                      case 4:timegot[2]--;break;//月-1
 199   4                                      case 5:timegot[0]--;break;//年-1
 200   4                                      case 6:timegot[1]--;break;//星期-1
 201   4                              }
 202   3                              if(timegot[1]==0)timegot[1]=7;
 203   3                              if(timegot[2]==0)timegot[2]=12;
 204   3                              
 205   3                              if(timegot[2]==2&&timegot[0]%4==0)
 206   3                              {
 207   4                                      if(timegot[3]==0)timegot[3]=29;
 208   4                              }
 209   3                              else if(timegot[2]==2)
 210   3                              {
 211   4                                      if(timegot[3]==0)timegot[3]=28;
 212   4                              }
 213   3                              else if(timegot[2]==4||timegot[2]==6||timegot[2]==9||timegot[2]==11)
 214   3                              {
 215   4                                      if(timegot[3]==0)timegot[3]=30;
 216   4                              }
 217   3                              else
 218   3                              {
 219   4                                      if(timegot[3]==0)timegot[3]=31;
 220   4                              }
 221   3                      }
 222   2              }
 223   1      }
 224          
 225          void main()
 226          {
 227   1              unsigned char keynum;
 228   1              DS1302_init();
 229   1              lcd1602_init();
 230   1              
 231   1              lcd1602_show_string(0,0,"Time:");
 232   1              Write(0x8E,0x00);//取消写保护
 233   1              Delay1ms();
 234   1              Writetime(time);
 235   1              Mode=0;
 236   1              while(1)
 237   1              {
 238   2                      keynum=key();
 239   2                      if(keynum==1)
 240   2                      {
C51 COMPILER V9.54   MAIN                                                                  03/18/2025 18:10:31 PAGE 5   

 241   3                              Mode=~Mode;
 242   3                      }
 243   2                      if(Mode==1)
 244   2                      {
 245   3                              Timeset();
 246   3                      }
 247   2                      else
 248   2                      {
 249   3                              Timeshow();
 250   3                      }
 251   2              }
 252   1      }


MODULE INFORMATION:   STATIC OVERLAYABLE
   CODE SIZE        =   1230    ----
   CONSTANT SIZE    =     58    ----
   XDATA SIZE       =   ----    ----
   PDATA SIZE       =   ----    ----
   DATA SIZE        =     14       4
   IDATA SIZE       =   ----    ----
   BIT SIZE         =      1       2
END OF MODULE INFORMATION.


C51 COMPILATION COMPLETE.  0 WARNING(S),  0 ERROR(S)
