C51 COMPILER V9.54   KEY                                                                   03/09/2025 19:17:38 PAGE 1   


C51 COMPILER V9.54, COMPILATION OF MODULE KEY
OBJECT MODULE PLACED IN .\Objects\key.obj
COMPILER INVOKED BY: F:\ApplicationFlies\Keil C51\C51\BIN\C51.EXE key.c OPTIMIZE(8,SPEED) BROWSE DEBUG OBJECTEXTEND PRIN
                    -T(.\Listings\key.lst) OBJECT(.\Objects\key.obj)

line level    source

   1          #include "key.h"
   2          #include <REGX52.H>
   3          
   4          void Delay20ms(void)    //@11.0592MHz
   5          {
   6   1              unsigned char data i, j;
   7   1      
   8   1              i = 216;
   9   1              j = 37;
  10   1              do
  11   1              {
  12   2                      while (--j);
  13   2              } while (--i);
  14   1      }
  15          
  16          unsigned char keys()
  17          {
  18   1              unsigned char key=0;
  19   1              if(P3_1==0)
  20   1              {
  21   2                      Delay20ms();
  22   2                      while(P3_1==0);
  23   2                      key=1;
  24   2                      Delay20ms();
  25   2                      return key;
  26   2              }
  27   1              if(P3_2==0)
  28   1              {
  29   2                      Delay20ms();
  30   2                      while(P3_2==0);
  31   2                      key=3;
  32   2                      Delay20ms();
  33   2                      return key;
  34   2              }
  35   1              if(P3_3==0)
  36   1              {
  37   2                      Delay20ms();
  38   2                      while(P3_3==0);
  39   2                      key=4;
  40   2                      Delay20ms();
  41   2                      return key;
  42   2              }
  43   1              if(P3_0==0)
  44   1              {
  45   2                      Delay20ms();
  46   2                      while(P3_0==0);
  47   2                      key=2;
  48   2                      Delay20ms();
  49   2                      return key;
  50   2              }
  51   1              return key;
  52   1      }


C51 COMPILER V9.54   KEY                                                                   03/09/2025 19:17:38 PAGE 2   

MODULE INFORMATION:   STATIC OVERLAYABLE
   CODE SIZE        =     82    ----
   CONSTANT SIZE    =   ----    ----
   XDATA SIZE       =   ----    ----
   PDATA SIZE       =   ----    ----
   DATA SIZE        =   ----    ----
   IDATA SIZE       =   ----    ----
   BIT SIZE         =   ----    ----
END OF MODULE INFORMATION.


C51 COMPILATION COMPLETE.  0 WARNING(S),  0 ERROR(S)
