C51 COMPILER V9.54   MAIN                                                                  03/09/2025 19:16:36 PAGE 1   


C51 COMPILER V9.54, COMPILATION OF MODULE MAIN
OBJECT MODULE PLACED IN .\Objects\main.obj
COMPILER INVOKED BY: F:\ApplicationFlies\Keil C51\C51\BIN\C51.EXE main.c OPTIMIZE(8,SPEED) BROWSE DEBUG OBJECTEXTEND PRI
                    -NT(.\Listings\main.lst) OBJECT(.\Objects\main.obj)

line level    source

   1          #include <REGX52.H>
   2          #include "timer.h"
   3          #include "key.h"
   4          
   5          void main()
   6          {
   7   1              unsigned char last;
   8   1              unsigned char key;
   9   1              timer0_init();
  10   1              while(1)
  11   1              {
  12   2                      key=keys();
  13   2                      if(key==1)
  14   2                      {
  15   3                              if(last!=1)
  16   3                              {
  17   4                                      P2=0xFE;
  18   4                              }
  19   3                              last=1;
  20   3                              ledmode=1;
  21   3                      }
  22   2                      if(key==2)
  23   2                      {
  24   3                              if(last!=2)
  25   3                              {
  26   4                                      P2=0x7F;
  27   4                              }
  28   3                              last=2;
  29   3                              ledmode=2;
  30   3                      }
  31   2                      if(key==3)
  32   2                      {
  33   3                              if(last!=3)
  34   3                              {
  35   4                                      P2=0xFE;
  36   4                              }
  37   3                              last=3;
  38   3                              ledmode=3;
  39   3                      }
  40   2                      if(key==4)
  41   2                      {
  42   3                              if(last!=4)
  43   3                              {
  44   4                                      P2=0x7F;
  45   4                              }
  46   3                              last=4;
  47   3                              ledmode=4;
  48   3                      }
  49   2              }
  50   1      }


MODULE INFORMATION:   STATIC OVERLAYABLE
   CODE SIZE        =     80    ----
C51 COMPILER V9.54   MAIN                                                                  03/09/2025 19:16:36 PAGE 2   

   CONSTANT SIZE    =   ----    ----
   XDATA SIZE       =   ----    ----
   PDATA SIZE       =   ----    ----
   DATA SIZE        =   ----       1
   IDATA SIZE       =   ----    ----
   BIT SIZE         =   ----    ----
END OF MODULE INFORMATION.


C51 COMPILATION COMPLETE.  0 WARNING(S),  0 ERROR(S)
