C51 COMPILER V9.54   TIMER                                                                 03/09/2025 19:16:36 PAGE 1   


C51 COMPILER V9.54, COMPILATION OF MODULE TIMER
OBJECT MODULE PLACED IN .\Objects\timer.obj
COMPILER INVOKED BY: F:\ApplicationFlies\Keil C51\C51\BIN\C51.EXE timer.c OPTIMIZE(8,SPEED) BROWSE DEBUG OBJECTEXTEND PR
                    -INT(.\Listings\timer.lst) OBJECT(.\Objects\timer.obj)

line level    source

   1          #include "timer.h"
   2          #include <REGX52.H>
   3          
   4          count=0;
   5          unsigned char ledmode=0;
   6          void timer0_init()
   7          {
   8   1              TMOD=0x01;//定时器工作模式
   9   1              TF0=0;
  10   1              TR0=1;
  11   1              TH0=64535/256;
  12   1              TL0=64535%256;
  13   1              ET0=1;
  14   1              EA=1;
  15   1              PT0=0;
  16   1      }
  17          
  18          void cut_progress_ms() interrupt 1
  19          {
  20   1          timer0_init();
  21   1              count++;
  22   1              if(count>=1000)
  23   1              {
  24   2                      count=0;
  25   2                      if(ledmode==1)
  26   2                      {
  27   3                              if(P2==0x7F)
  28   3                              {
  29   4                                      P2=0xFE;
  30   4                              }
  31   3                              else
  32   3                                      P2=~(~(P2)+~(P2));
  33   3                      }
  34   2                      if(ledmode==2)
  35   2                      {
  36   3                              if(P2==0xFE)
  37   3                              {
  38   4                                      P2=0x7F;
  39   4                              }
  40   3                              else
  41   3                                      P2=~((~P2)/2);
  42   3                      }
  43   2                      if(ledmode==3)
  44   2                      {
  45   3                              if(P2==0xBF)
  46   3                              {
  47   4                                      P2=0xFE;
  48   4                              }
  49   3                              else
  50   3                              {
  51   4                                      P2=~(~(P2)+~(P2));
  52   4                                      P2=~(~(P2)+~(P2));
  53   4                              }
  54   3                      }
C51 COMPILER V9.54   TIMER                                                                 03/09/2025 19:16:36 PAGE 2   

  55   2                      if(ledmode==4)
  56   2                      {
  57   3                              if(P2==0xFD)
  58   3                              {
  59   4                                      P2=0x7F;
  60   4                              }
  61   3                              else
  62   3                              {
  63   4                                      P2=~((~P2)/2);
  64   4                                      P2=~((~P2)/2);
  65   4                              }
  66   3                      }
  67   2              }
  68   1      }


MODULE INFORMATION:   STATIC OVERLAYABLE
   CODE SIZE        =    182    ----
   CONSTANT SIZE    =   ----    ----
   XDATA SIZE       =   ----    ----
   PDATA SIZE       =   ----    ----
   DATA SIZE        =      3    ----
   IDATA SIZE       =   ----    ----
   BIT SIZE         =   ----    ----
END OF MODULE INFORMATION.


C51 COMPILATION COMPLETE.  0 WARNING(S),  0 ERROR(S)
